[2022-02-22 10:05:22] live.EMERGENCY: File:/home3/ritualss/public_html/pos/vendor/laravel/framework/src/Illuminate/Database/Connection.phpLine:664Message:SQLSTATE[23000]: Integrity constraint violation: 1062 Duplicate entry '98770606' for key 'mobile' (SQL: insert into `contacts` (`type`, `supplier_business_name`, `name`, `mobile`, `landline`, `city`, `state`, `country`, `landmark`, `customer_group_id`, `contact_id`, `custom_field1`, `business_id`, `created_by`, `credit_limit`, `custom_field4`, `updated_at`, `created_at`) values (customer, , Kawthar, 98770606, , , , , , 1, CO6400, on, 1, 40, , Oyoun, 2022-02-22 10:05:22, 2022-02-22 10:05:22))  
[2022-02-22 11:03:39] live.EMERGENCY: File:/home3/ritualss/public_html/pos/vendor/laravel/framework/src/Illuminate/Database/Connection.phpLine:664Message:SQLSTATE[23000]: Integrity constraint violation: 1062 Duplicate entry '98795591' for key 'mobile' (SQL: insert into `contacts` (`type`, `supplier_business_name`, `name`, `mobile`, `landline`, `city`, `state`, `country`, `landmark`, `customer_group_id`, `contact_id`, `custom_field1`, `business_id`, `created_by`, `credit_limit`, `custom_field4`, `updated_at`, `created_at`) values (customer, , Maha, 98795591, , , , , , 1, CO6401, on, 1, 40, , Oyoun, 2022-02-22 11:03:39, 2022-02-22 11:03:39))  
[2022-02-22 11:12:27] live.EMERGENCY: File:/home3/ritualss/public_html/pos/vendor/laravel/framework/src/Illuminate/Database/Connection.phpLine:664Message:SQLSTATE[23000]: Integrity constraint violation: 1062 Duplicate entry '55282027' for key 'mobile' (SQL: insert into `contacts` (`type`, `supplier_business_name`, `name`, `mobile`, `landline`, `city`, `state`, `country`, `landmark`, `customer_group_id`, `contact_id`, `custom_field1`, `business_id`, `created_by`, `credit_limit`, `custom_field4`, `updated_at`, `created_at`) values (customer, , Hajar, 55282027, , , , , , 1, CO6404, on, 1, 40, , Oyoun, 2022-02-22 11:12:27, 2022-02-22 11:12:27))  
[2022-02-22 11:14:42] live.EMERGENCY: File:/home3/ritualss/public_html/pos/vendor/laravel/framework/src/Illuminate/Database/Connection.phpLine:664Message:SQLSTATE[23000]: Integrity constraint violation: 1062 Duplicate entry '99734651' for key 'mobile' (SQL: insert into `contacts` (`type`, `supplier_business_name`, `name`, `mobile`, `landline`, `city`, `state`, `country`, `landmark`, `customer_group_id`, `contact_id`, `custom_field1`, `business_id`, `created_by`, `credit_limit`, `custom_field4`, `updated_at`, `created_at`) values (customer, , Hanan, 99734651, , , , , , 1, CO6405, on, 1, 40, , Oyoun, 2022-02-22 11:14:42, 2022-02-22 11:14:42))  
[2022-02-22 11:21:45] live.EMERGENCY: File:/home3/ritualss/public_html/pos/vendor/laravel/framework/src/Illuminate/Database/Connection.phpLine:664Message:SQLSTATE[23000]: Integrity constraint violation: 1062 Duplicate entry '99953397' for key 'mobile' (SQL: insert into `contacts` (`type`, `supplier_business_name`, `name`, `mobile`, `landline`, `city`, `state`, `country`, `landmark`, `customer_group_id`, `contact_id`, `custom_field1`, `business_id`, `created_by`, `credit_limit`, `custom_field4`, `updated_at`, `created_at`) values (customer, , Nourah, 99953397, , , , , , 1, CO6407, on, 1, 40, , Oyoun, 2022-02-22 11:21:45, 2022-02-22 11:21:45))  
[2022-02-22 11:27:48] live.EMERGENCY: File:/home3/ritualss/public_html/pos/vendor/laravel/framework/src/Illuminate/Database/Connection.phpLine:664Message:SQLSTATE[23000]: Integrity constraint violation: 1062 Duplicate entry '97449633' for key 'mobile' (SQL: insert into `contacts` (`type`, `supplier_business_name`, `name`, `mobile`, `landline`, `city`, `state`, `country`, `landmark`, `customer_group_id`, `contact_id`, `custom_field1`, `business_id`, `created_by`, `credit_limit`, `custom_field4`, `updated_at`, `created_at`) values (customer, , Om waled, 97449633, , , , , , 1, CO6408, on, 1, 40, , Oyoun, 2022-02-22 11:27:48, 2022-02-22 11:27:48))  
[2022-02-22 12:11:25] live.EMERGENCY: File:/home3/ritualss/public_html/pos/vendor/laravel/framework/src/Illuminate/Database/Connection.phpLine:664Message:SQLSTATE[23000]: Integrity constraint violation: 1062 Duplicate entry '55723646' for key 'mobile' (SQL: insert into `contacts` (`type`, `supplier_business_name`, `name`, `mobile`, `landline`, `city`, `state`, `country`, `landmark`, `customer_group_id`, `contact_id`, `custom_field1`, `business_id`, `created_by`, `credit_limit`, `custom_field4`, `updated_at`, `created_at`) values (customer, , Amal, 55723646, , , , , , 1, CO6412, on, 1, 40, , Oyoun, 2022-02-22 12:11:25, 2022-02-22 12:11:25))  
[2022-02-22 13:21:14] live.ERROR: Trying to get property 'total_rp' of non-object {"userId":40,"email":"soba@gmail.com","exception":"[object] (ErrorException(code: 0): Trying to get property 'total_rp' of non-object at /home3/ritualss/public_html/pos/app/Utils/TransactionUtil.php:3799)
[stacktrace]
#0 /home3/ritualss/public_html/pos/app/Utils/TransactionUtil.php(3799): Illuminate\\Foundation\\Bootstrap\\HandleExceptions->handleError(8, 'Trying to get p...', '/home3/ritualss...', 3799, Array)
#1 /home3/ritualss/public_html/pos/app/Http/Controllers/SellPosController.php(1996): App\\Utils\\TransactionUtil->getRewardRedeemDetails(1, NULL)
#2 [internal function]: App\\Http\\Controllers\\SellPosController->getRewardDetails(Object(Illuminate\\Http\\Request))
#3 /home3/ritualss/public_html/pos/vendor/laravel/framework/src/Illuminate/Routing/Controller.php(54): call_user_func_array(Array, Array)
#4 /home3/ritualss/public_html/pos/vendor/laravel/framework/src/Illuminate/Routing/ControllerDispatcher.php(45): Illuminate\\Routing\\Controller->callAction('getRewardDetail...', Array)
#5 /home3/ritualss/public_html/pos/vendor/laravel/framework/src/Illuminate/Routing/Route.php(219): Illuminate\\Routing\\ControllerDispatcher->dispatch(Object(Illuminate\\Routing\\Route), Object(App\\Http\\Controllers\\SellPosController), 'getRewardDetail...')
#6 /home3/ritualss/public_html/pos/vendor/laravel/framework/src/Illuminate/Routing/Route.php(176): Illuminate\\Routing\\Route->runController()
#7 /home3/ritualss/public_html/pos/vendor/laravel/framework/src/Illuminate/Routing/Router.php(682): Illuminate\\Routing\\Route->run()
#8 /home3/ritualss/public_html/pos/vendor/laravel/framework/src/Illuminate/Routing/Pipeline.php(30): Illuminate\\Routing\\Router->Illuminate\\Routing\\{closure}(Object(Illuminate\\Http\\Request))
#9 /home3/ritualss/public_html/pos/app/Http/Middleware/Callbacks.php(48): Illuminate\\Routing\\Pipeline->Illuminate\\Routing\\{closure}(Object(Illuminate\\Http\\Request))
#10 /home3/ritualss/public_html/pos/vendor/laravel/framework/src/Illuminate/Pipeline/Pipeline.php(163): App\\Http\\Middleware\\Callbacks->handle(Object(Illuminate\\Http\\Request), Object(Closure))
#11 /home3/ritualss/public_html/pos/vendor/laravel/framework/src/Illuminate/Routing/Pipeline.php(53): Illuminate\\Pipeline\\Pipeline->Illuminate\\Pipeline\\{closure}(Object(Illuminate\\Http\\Request))
#12 /home3/ritualss/public_html/pos/app/Http/Middleware/Timezone.php(27): Illuminate\\Routing\\Pipeline->Illuminate\\Routing\\{closure}(Object(Illuminate\\Http\\Request))
#13 /home3/ritualss/public_html/pos/vendor/laravel/framework/src/Illuminate/Pipeline/Pipeline.php(163): App\\Http\\Middleware\\Timezone->handle(Object(Illuminate\\Http\\Request), Object(Closure))
#14 /home3/ritualss/public_html/pos/vendor/laravel/framework/src/Illuminate/Routing/Pipeline.php(53): Illuminate\\Pipeline\\Pipeline->Illuminate\\Pipeline\\{closure}(Object(Illuminate\\Http\\Request))
#15 /home3/ritualss/public_html/pos/app/Http/Middleware/Language.php(27): Illuminate\\Routing\\Pipeline->Illuminate\\Routing\\{closure}(Object(Illuminate\\Http\\Request))
#16 /home3/ritualss/public_html/pos/vendor/laravel/framework/src/Illuminate/Pipeline/Pipeline.php(163): App\\Http\\Middleware\\Language->handle(Object(Illuminate\\Http\\Request), Object(Closure))
#17 /home3/ritualss/public_html/pos/vendor/laravel/framework/src/Illuminate/Routing/Pipeline.php(53): Illuminate\\Pipeline\\Pipeline->Illuminate\\Pipeline\\{closure}(Object(Illuminate\\Http\\Request))
#18 /home3/ritualss/public_html/pos/app/Http/Middleware/SetSessionData.php(53): Illuminate\\Routing\\Pipeline->Illuminate\\Routing\\{closure}(Object(Illuminate\\Http\\Request))
#19 /home3/ritualss/public_html/pos/vendor/laravel/framework/src/Illuminate/Pipeline/Pipeline.php(163): App\\Http\\Middleware\\SetSessionData->handle(Object(Illuminate\\Http\\Request), Object(Closure))
#20 /home3/ritualss/public_html/pos/vendor/laravel/framework/src/Illuminate/Routing/Pipeline.php(53): Illuminate\\Pipeline\\Pipeline->Illuminate\\Pipeline\\{closure}(Object(Illuminate\\Http\\Request))
#21 /home3/ritualss/public_html/pos/app/Http/Middleware/IsInstalled.php(23): Illuminate\\Routing\\Pipeline->Illuminate\\Routing\\{closure}(Object(Illuminate\\Http\\Request))
#22 /home3/ritualss/public_html/pos/vendor/laravel/framework/src/Illuminate/Pipeline/Pipeline.php(163): App\\Http\\Middleware\\IsInstalled->handle(Object(Illuminate\\Http\\Request), Object(Closure))
#23 /home3/ritualss/public_html/pos/vendor/laravel/framework/src/Illuminate/Routing/Pipeline.php(53): Illuminate\\Pipeline\\Pipeline->Illuminate\\Pipeline\\{closure}(Object(Illuminate\\Http\\Request))
#24 /home3/ritualss/public_html/pos/vendor/laravel/framework/src/Illuminate/Routing/Middleware/SubstituteBindings.php(41): Illuminate\\Routing\\Pipeline->Illuminate\\Routing\\{closure}(Object(Illuminate\\Http\\Request))
#25 /home3/ritualss/public_html/pos/vendor/laravel/framework/src/Illuminate/Pipeline/Pipeline.php(163): Illuminate\\Routing\\Middleware\\SubstituteBindings->handle(Object(Illuminate\\Http\\Request), Object(Closure))
#26 /home3/ritualss/public_html/pos/vendor/laravel/framework/src/Illuminate/Routing/Pipeline.php(53): Illuminate\\Pipeline\\Pipeline->Illuminate\\Pipeline\\{closure}(Object(Illuminate\\Http\\Request))
#27 /home3/ritualss/public_html/pos/vendor/laravel/framework/src/Illuminate/Auth/Middleware/Authenticate.php(43): Illuminate\\Routing\\Pipeline->Illuminate\\Routing\\{closure}(Object(Illuminate\\Http\\Request))
#28 /home3/ritualss/public_html/pos/vendor/laravel/framework/src/Illuminate/Pipeline/Pipeline.php(163): Illuminate\\Auth\\Middleware\\Authenticate->handle(Object(Illuminate\\Http\\Request), Object(Closure))
#29 /home3/ritualss/public_html/pos/vendor/laravel/framework/src/Illuminate/Routing/Pipeline.php(53): Illuminate\\Pipeline\\Pipeline->Illuminate\\Pipeline\\{closure}(Object(Illuminate\\Http\\Request))
#30 /home3/ritualss/public_html/pos/vendor/laravel/framework/src/Illuminate/Foundation/Http/Middleware/VerifyCsrfToken.php(75): Illuminate\\Routing\\Pipeline->Illuminate\\Routing\\{closure}(Object(Illuminate\\Http\\Request))
#31 /home3/ritualss/public_html/pos/vendor/laravel/framework/src/Illuminate/Pipeline/Pipeline.php(163): Illuminate\\Foundation\\Http\\Middleware\\VerifyCsrfToken->handle(Object(Illuminate\\Http\\Request), Object(Closure))
#32 /home3/ritualss/public_html/pos/vendor/laravel/framework/src/Illuminate/Routing/Pipeline.php(53): Illuminate\\Pipeline\\Pipeline->Illuminate\\Pipeline\\{closure}(Object(Illuminate\\Http\\Request))
#33 /home3/ritualss/public_html/pos/vendor/laravel/framework/src/Illuminate/View/Middleware/ShareErrorsFromSession.php(49): Illuminate\\Routing\\Pipeline->Illuminate\\Routing\\{closure}(Object(Illuminate\\Http\\Request))
#34 /home3/ritualss/public_html/pos/vendor/laravel/framework/src/Illuminate/Pipeline/Pipeline.php(163): Illuminate\\View\\Middleware\\ShareErrorsFromSession->handle(Object(Illuminate\\Http\\Request), Object(Closure))
#35 /home3/ritualss/public_html/pos/vendor/laravel/framework/src/Illuminate/Routing/Pipeline.php(53): Illuminate\\Pipeline\\Pipeline->Illuminate\\Pipeline\\{closure}(Object(Illuminate\\Http\\Request))
#36 /home3/ritualss/public_html/pos/vendor/laravel/framework/src/Illuminate/Session/Middleware/StartSession.php(63): Illuminate\\Routing\\Pipeline->Illuminate\\Routing\\{closure}(Object(Illuminate\\Http\\Request))
#37 /home3/ritualss/public_html/pos/vendor/laravel/framework/src/Illuminate/Pipeline/Pipeline.php(163): Illuminate\\Session\\Middleware\\StartSession->handle(Object(Illuminate\\Http\\Request), Object(Closure))
#38 /home3/ritualss/public_html/pos/vendor/laravel/framework/src/Illuminate/Routing/Pipeline.php(53): Illuminate\\Pipeline\\Pipeline->Illuminate\\Pipeline\\{closure}(Object(Illuminate\\Http\\Request))
#39 /home3/ritualss/public_html/pos/vendor/laravel/framework/src/Illuminate/Cookie/Middleware/AddQueuedCookiesToResponse.php(37): Illuminate\\Routing\\Pipeline->Illuminate\\Routing\\{closure}(Object(Illuminate\\Http\\Request))
#40 /home3/ritualss/public_html/pos/vendor/laravel/framework/src/Illuminate/Pipeline/Pipeline.php(163): Illuminate\\Cookie\\Middleware\\AddQueuedCookiesToResponse->handle(Object(Illuminate\\Http\\Request), Object(Closure))
#41 /home3/ritualss/public_html/pos/vendor/laravel/framework/src/Illuminate/Routing/Pipeline.php(53): Illuminate\\Pipeline\\Pipeline->Illuminate\\Pipeline\\{closure}(Object(Illuminate\\Http\\Request))
#42 /home3/ritualss/public_html/pos/vendor/laravel/framework/src/Illuminate/Cookie/Middleware/EncryptCookies.php(66): Illuminate\\Routing\\Pipeline->Illuminate\\Routing\\{closure}(Object(Illuminate\\Http\\Request))
#43 /home3/ritualss/public_html/pos/vendor/laravel/framework/src/Illuminate/Pipeline/Pipeline.php(163): Illuminate\\Cookie\\Middleware\\EncryptCookies->handle(Object(Illuminate\\Http\\Request), Object(Closure))
#44 /home3/ritualss/public_html/pos/vendor/laravel/framework/src/Illuminate/Routing/Pipeline.php(53): Illuminate\\Pipeline\\Pipeline->Illuminate\\Pipeline\\{closure}(Object(Illuminate\\Http\\Request))
#45 /home3/ritualss/public_html/pos/vendor/laravel/framework/src/Illuminate/Pipeline/Pipeline.php(104): Illuminate\\Routing\\Pipeline->Illuminate\\Routing\\{closure}(Object(Illuminate\\Http\\Request))
#46 /home3/ritualss/public_html/pos/vendor/laravel/framework/src/Illuminate/Routing/Router.php(684): Illuminate\\Pipeline\\Pipeline->then(Object(Closure))
#47 /home3/ritualss/public_html/pos/vendor/laravel/framework/src/Illuminate/Routing/Router.php(659): Illuminate\\Routing\\Router->runRouteWithinStack(Object(Illuminate\\Routing\\Route), Object(Illuminate\\Http\\Request))
#48 /home3/ritualss/public_html/pos/vendor/laravel/framework/src/Illuminate/Routing/Router.php(625): Illuminate\\Routing\\Router->runRoute(Object(Illuminate\\Http\\Request), Object(Illuminate\\Routing\\Route))
#49 /home3/ritualss/public_html/pos/vendor/laravel/framework/src/Illuminate/Routing/Router.php(614): Illuminate\\Routing\\Router->dispatchToRoute(Object(Illuminate\\Http\\Request))
#50 /home3/ritualss/public_html/pos/vendor/laravel/framework/src/Illuminate/Foundation/Http/Kernel.php(176): Illuminate\\Routing\\Router->dispatch(Object(Illuminate\\Http\\Request))
#51 /home3/ritualss/public_html/pos/vendor/laravel/framework/src/Illuminate/Routing/Pipeline.php(30): Illuminate\\Foundation\\Http\\Kernel->Illuminate\\Foundation\\Http\\{closure}(Object(Illuminate\\Http\\Request))
#52 /home3/ritualss/public_html/pos/vendor/barryvdh/laravel-debugbar/src/Middleware/InjectDebugbar.php(58): Illuminate\\Routing\\Pipeline->Illuminate\\Routing\\{closure}(Object(Illuminate\\Http\\Request))
#53 /home3/ritualss/public_html/pos/vendor/laravel/framework/src/Illuminate/Pipeline/Pipeline.php(163): Barryvdh\\Debugbar\\Middleware\\InjectDebugbar->handle(Object(Illuminate\\Http\\Request), Object(Closure))
#54 /home3/ritualss/public_html/pos/vendor/laravel/framework/src/Illuminate/Routing/Pipeline.php(53): Illuminate\\Pipeline\\Pipeline->Illuminate\\Pipeline\\{closure}(Object(Illuminate\\Http\\Request))
#55 /home3/ritualss/public_html/pos/vendor/fideloper/proxy/src/TrustProxies.php(57): Illuminate\\Routing\\Pipeline->Illuminate\\Routing\\{closure}(Object(Illuminate\\Http\\Request))
#56 /home3/ritualss/public_html/pos/vendor/laravel/framework/src/Illuminate/Pipeline/Pipeline.php(163): Fideloper\\Proxy\\TrustProxies->handle(Object(Illuminate\\Http\\Request), Object(Closure))
#57 /home3/ritualss/public_html/pos/vendor/laravel/framework/src/Illuminate/Routing/Pipeline.php(53): Illuminate\\Pipeline\\Pipeline->Illuminate\\Pipeline\\{closure}(Object(Illuminate\\Http\\Request))
#58 /home3/ritualss/public_html/pos/vendor/laravel/framework/src/Illuminate/Foundation/Http/Middleware/TransformsRequest.php(31): Illuminate\\Routing\\Pipeline->Illuminate\\Routing\\{closure}(Object(Illuminate\\Http\\Request))
#59 /home3/ritualss/public_html/pos/vendor/laravel/framework/src/Illuminate/Pipeline/Pipeline.php(163): Illuminate\\Foundation\\Http\\Middleware\\TransformsRequest->handle(Object(Illuminate\\Http\\Request), Object(Closure))
#60 /home3/ritualss/public_html/pos/vendor/laravel/framework/src/Illuminate/Routing/Pipeline.php(53): Illuminate\\Pipeline\\Pipeline->Illuminate\\Pipeline\\{closure}(Object(Illuminate\\Http\\Request))
#61 /home3/ritualss/public_html/pos/vendor/laravel/framework/src/Illuminate/Foundation/Http/Middleware/TransformsRequest.php(31): Illuminate\\Routing\\Pipeline->Illuminate\\Routing\\{closure}(Object(Illuminate\\Http\\Request))
#62 /home3/ritualss/public_html/pos/vendor/laravel/framework/src/Illuminate/Pipeline/Pipeline.php(163): Illuminate\\Foundation\\Http\\Middleware\\TransformsRequest->handle(Object(Illuminate\\Http\\Request), Object(Closure))
#63 /home3/ritualss/public_html/pos/vendor/laravel/framework/src/Illuminate/Routing/Pipeline.php(53): Illuminate\\Pipeline\\Pipeline->Illuminate\\Pipeline\\{closure}(Object(Illuminate\\Http\\Request))
#64 /home3/ritualss/public_html/pos/vendor/laravel/framework/src/Illuminate/Foundation/Http/Middleware/ValidatePostSize.php(27): Illuminate\\Routing\\Pipeline->Illuminate\\Routing\\{closure}(Object(Illuminate\\Http\\Request))
#65 /home3/ritualss/public_html/pos/vendor/laravel/framework/src/Illuminate/Pipeline/Pipeline.php(163): Illuminate\\Foundation\\Http\\Middleware\\ValidatePostSize->handle(Object(Illuminate\\Http\\Request), Object(Closure))
#66 /home3/ritualss/public_html/pos/vendor/laravel/framework/src/Illuminate/Routing/Pipeline.php(53): Illuminate\\Pipeline\\Pipeline->Illuminate\\Pipeline\\{closure}(Object(Illuminate\\Http\\Request))
#67 /home3/ritualss/public_html/pos/vendor/laravel/framework/src/Illuminate/Foundation/Http/Middleware/CheckForMaintenanceMode.php(62): Illuminate\\Routing\\Pipeline->Illuminate\\Routing\\{closure}(Object(Illuminate\\Http\\Request))
#68 /home3/ritualss/public_html/pos/vendor/laravel/framework/src/Illuminate/Pipeline/Pipeline.php(163): Illuminate\\Foundation\\Http\\Middleware\\CheckForMaintenanceMode->handle(Object(Illuminate\\Http\\Request), Object(Closure))
#69 /home3/ritualss/public_html/pos/vendor/laravel/framework/src/Illuminate/Routing/Pipeline.php(53): Illuminate\\Pipeline\\Pipeline->Illuminate\\Pipeline\\{closure}(Object(Illuminate\\Http\\Request))
#70 /home3/ritualss/public_html/pos/vendor/laravel/framework/src/Illuminate/Pipeline/Pipeline.php(104): Illuminate\\Routing\\Pipeline->Illuminate\\Routing\\{closure}(Object(Illuminate\\Http\\Request))
#71 /home3/ritualss/public_html/pos/vendor/laravel/framework/src/Illuminate/Foundation/Http/Kernel.php(151): Illuminate\\Pipeline\\Pipeline->then(Object(Closure))
#72 /home3/ritualss/public_html/pos/vendor/laravel/framework/src/Illuminate/Foundation/Http/Kernel.php(116): Illuminate\\Foundation\\Http\\Kernel->sendRequestThroughRouter(Object(Illuminate\\Http\\Request))
#73 /home3/ritualss/public_html/pos/public/index.php(51): Illuminate\\Foundation\\Http\\Kernel->handle(Object(Illuminate\\Http\\Request))
#74 {main}
"} 
[2022-02-22 13:21:31] live.ERROR: Trying to get property 'total_rp' of non-object {"userId":40,"email":"soba@gmail.com","exception":"[object] (ErrorException(code: 0): Trying to get property 'total_rp' of non-object at /home3/ritualss/public_html/pos/app/Utils/TransactionUtil.php:3799)
[stacktrace]
#0 /home3/ritualss/public_html/pos/app/Utils/TransactionUtil.php(3799): Illuminate\\Foundation\\Bootstrap\\HandleExceptions->handleError(8, 'Trying to get p...', '/home3/ritualss...', 3799, Array)
#1 /home3/ritualss/public_html/pos/app/Http/Controllers/SellPosController.php(1996): App\\Utils\\TransactionUtil->getRewardRedeemDetails(1, NULL)
#2 [internal function]: App\\Http\\Controllers\\SellPosController->getRewardDetails(Object(Illuminate\\Http\\Request))
#3 /home3/ritualss/public_html/pos/vendor/laravel/framework/src/Illuminate/Routing/Controller.php(54): call_user_func_array(Array, Array)
#4 /home3/ritualss/public_html/pos/vendor/laravel/framework/src/Illuminate/Routing/ControllerDispatcher.php(45): Illuminate\\Routing\\Controller->callAction('getRewardDetail...', Array)
#5 /home3/ritualss/public_html/pos/vendor/laravel/framework/src/Illuminate/Routing/Route.php(219): Illuminate\\Routing\\ControllerDispatcher->dispatch(Object(Illuminate\\Routing\\Route), Object(App\\Http\\Controllers\\SellPosController), 'getRewardDetail...')
#6 /home3/ritualss/public_html/pos/vendor/laravel/framework/src/Illuminate/Routing/Route.php(176): Illuminate\\Routing\\Route->runController()
#7 /home3/ritualss/public_html/pos/vendor/laravel/framework/src/Illuminate/Routing/Router.php(682): Illuminate\\Routing\\Route->run()
#8 /home3/ritualss/public_html/pos/vendor/laravel/framework/src/Illuminate/Routing/Pipeline.php(30): Illuminate\\Routing\\Router->Illuminate\\Routing\\{closure}(Object(Illuminate\\Http\\Request))
#9 /home3/ritualss/public_html/pos/app/Http/Middleware/Callbacks.php(48): Illuminate\\Routing\\Pipeline->Illuminate\\Routing\\{closure}(Object(Illuminate\\Http\\Request))
#10 /home3/ritualss/public_html/pos/vendor/laravel/framework/src/Illuminate/Pipeline/Pipeline.php(163): App\\Http\\Middleware\\Callbacks->handle(Object(Illuminate\\Http\\Request), Object(Closure))
#11 /home3/ritualss/public_html/pos/vendor/laravel/framework/src/Illuminate/Routing/Pipeline.php(53): Illuminate\\Pipeline\\Pipeline->Illuminate\\Pipeline\\{closure}(Object(Illuminate\\Http\\Request))
#12 /home3/ritualss/public_html/pos/app/Http/Middleware/Timezone.php(27): Illuminate\\Routing\\Pipeline->Illuminate\\Routing\\{closure}(Object(Illuminate\\Http\\Request))
#13 /home3/ritualss/public_html/pos/vendor/laravel/framework/src/Illuminate/Pipeline/Pipeline.php(163): App\\Http\\Middleware\\Timezone->handle(Object(Illuminate\\Http\\Request), Object(Closure))
#14 /home3/ritualss/public_html/pos/vendor/laravel/framework/src/Illuminate/Routing/Pipeline.php(53): Illuminate\\Pipeline\\Pipeline->Illuminate\\Pipeline\\{closure}(Object(Illuminate\\Http\\Request))
#15 /home3/ritualss/public_html/pos/app/Http/Middleware/Language.php(27): Illuminate\\Routing\\Pipeline->Illuminate\\Routing\\{closure}(Object(Illuminate\\Http\\Request))
#16 /home3/ritualss/public_html/pos/vendor/laravel/framework/src/Illuminate/Pipeline/Pipeline.php(163): App\\Http\\Middleware\\Language->handle(Object(Illuminate\\Http\\Request), Object(Closure))
#17 /home3/ritualss/public_html/pos/vendor/laravel/framework/src/Illuminate/Routing/Pipeline.php(53): Illuminate\\Pipeline\\Pipeline->Illuminate\\Pipeline\\{closure}(Object(Illuminate\\Http\\Request))
#18 /home3/ritualss/public_html/pos/app/Http/Middleware/SetSessionData.php(53): Illuminate\\Routing\\Pipeline->Illuminate\\Routing\\{closure}(Object(Illuminate\\Http\\Request))
#19 /home3/ritualss/public_html/pos/vendor/laravel/framework/src/Illuminate/Pipeline/Pipeline.php(163): App\\Http\\Middleware\\SetSessionData->handle(Object(Illuminate\\Http\\Request), Object(Closure))
#20 /home3/ritualss/public_html/pos/vendor/laravel/framework/src/Illuminate/Routing/Pipeline.php(53): Illuminate\\Pipeline\\Pipeline->Illuminate\\Pipeline\\{closure}(Object(Illuminate\\Http\\Request))
#21 /home3/ritualss/public_html/pos/app/Http/Middleware/IsInstalled.php(23): Illuminate\\Routing\\Pipeline->Illuminate\\Routing\\{closure}(Object(Illuminate\\Http\\Request))
#22 /home3/ritualss/public_html/pos/vendor/laravel/framework/src/Illuminate/Pipeline/Pipeline.php(163): App\\Http\\Middleware\\IsInstalled->handle(Object(Illuminate\\Http\\Request), Object(Closure))
#23 /home3/ritualss/public_html/pos/vendor/laravel/framework/src/Illuminate/Routing/Pipeline.php(53): Illuminate\\Pipeline\\Pipeline->Illuminate\\Pipeline\\{closure}(Object(Illuminate\\Http\\Request))
#24 /home3/ritualss/public_html/pos/vendor/laravel/framework/src/Illuminate/Routing/Middleware/SubstituteBindings.php(41): Illuminate\\Routing\\Pipeline->Illuminate\\Routing\\{closure}(Object(Illuminate\\Http\\Request))
#25 /home3/ritualss/public_html/pos/vendor/laravel/framework/src/Illuminate/Pipeline/Pipeline.php(163): Illuminate\\Routing\\Middleware\\SubstituteBindings->handle(Object(Illuminate\\Http\\Request), Object(Closure))
#26 /home3/ritualss/public_html/pos/vendor/laravel/framework/src/Illuminate/Routing/Pipeline.php(53): Illuminate\\Pipeline\\Pipeline->Illuminate\\Pipeline\\{closure}(Object(Illuminate\\Http\\Request))
#27 /home3/ritualss/public_html/pos/vendor/laravel/framework/src/Illuminate/Auth/Middleware/Authenticate.php(43): Illuminate\\Routing\\Pipeline->Illuminate\\Routing\\{closure}(Object(Illuminate\\Http\\Request))
#28 /home3/ritualss/public_html/pos/vendor/laravel/framework/src/Illuminate/Pipeline/Pipeline.php(163): Illuminate\\Auth\\Middleware\\Authenticate->handle(Object(Illuminate\\Http\\Request), Object(Closure))
#29 /home3/ritualss/public_html/pos/vendor/laravel/framework/src/Illuminate/Routing/Pipeline.php(53): Illuminate\\Pipeline\\Pipeline->Illuminate\\Pipeline\\{closure}(Object(Illuminate\\Http\\Request))
#30 /home3/ritualss/public_html/pos/vendor/laravel/framework/src/Illuminate/Foundation/Http/Middleware/VerifyCsrfToken.php(75): Illuminate\\Routing\\Pipeline->Illuminate\\Routing\\{closure}(Object(Illuminate\\Http\\Request))
#31 /home3/ritualss/public_html/pos/vendor/laravel/framework/src/Illuminate/Pipeline/Pipeline.php(163): Illuminate\\Foundation\\Http\\Middleware\\VerifyCsrfToken->handle(Object(Illuminate\\Http\\Request), Object(Closure))
#32 /home3/ritualss/public_html/pos/vendor/laravel/framework/src/Illuminate/Routing/Pipeline.php(53): Illuminate\\Pipeline\\Pipeline->Illuminate\\Pipeline\\{closure}(Object(Illuminate\\Http\\Request))
#33 /home3/ritualss/public_html/pos/vendor/laravel/framework/src/Illuminate/View/Middleware/ShareErrorsFromSession.php(49): Illuminate\\Routing\\Pipeline->Illuminate\\Routing\\{closure}(Object(Illuminate\\Http\\Request))
#34 /home3/ritualss/public_html/pos/vendor/laravel/framework/src/Illuminate/Pipeline/Pipeline.php(163): Illuminate\\View\\Middleware\\ShareErrorsFromSession->handle(Object(Illuminate\\Http\\Request), Object(Closure))
#35 /home3/ritualss/public_html/pos/vendor/laravel/framework/src/Illuminate/Routing/Pipeline.php(53): Illuminate\\Pipeline\\Pipeline->Illuminate\\Pipeline\\{closure}(Object(Illuminate\\Http\\Request))
#36 /home3/ritualss/public_html/pos/vendor/laravel/framework/src/Illuminate/Session/Middleware/StartSession.php(63): Illuminate\\Routing\\Pipeline->Illuminate\\Routing\\{closure}(Object(Illuminate\\Http\\Request))
#37 /home3/ritualss/public_html/pos/vendor/laravel/framework/src/Illuminate/Pipeline/Pipeline.php(163): Illuminate\\Session\\Middleware\\StartSession->handle(Object(Illuminate\\Http\\Request), Object(Closure))
#38 /home3/ritualss/public_html/pos/vendor/laravel/framework/src/Illuminate/Routing/Pipeline.php(53): Illuminate\\Pipeline\\Pipeline->Illuminate\\Pipeline\\{closure}(Object(Illuminate\\Http\\Request))
#39 /home3/ritualss/public_html/pos/vendor/laravel/framework/src/Illuminate/Cookie/Middleware/AddQueuedCookiesToResponse.php(37): Illuminate\\Routing\\Pipeline->Illuminate\\Routing\\{closure}(Object(Illuminate\\Http\\Request))
#40 /home3/ritualss/public_html/pos/vendor/laravel/framework/src/Illuminate/Pipeline/Pipeline.php(163): Illuminate\\Cookie\\Middleware\\AddQueuedCookiesToResponse->handle(Object(Illuminate\\Http\\Request), Object(Closure))
#41 /home3/ritualss/public_html/pos/vendor/laravel/framework/src/Illuminate/Routing/Pipeline.php(53): Illuminate\\Pipeline\\Pipeline->Illuminate\\Pipeline\\{closure}(Object(Illuminate\\Http\\Request))
#42 /home3/ritualss/public_html/pos/vendor/laravel/framework/src/Illuminate/Cookie/Middleware/EncryptCookies.php(66): Illuminate\\Routing\\Pipeline->Illuminate\\Routing\\{closure}(Object(Illuminate\\Http\\Request))
#43 /home3/ritualss/public_html/pos/vendor/laravel/framework/src/Illuminate/Pipeline/Pipeline.php(163): Illuminate\\Cookie\\Middleware\\EncryptCookies->handle(Object(Illuminate\\Http\\Request), Object(Closure))
#44 /home3/ritualss/public_html/pos/vendor/laravel/framework/src/Illuminate/Routing/Pipeline.php(53): Illuminate\\Pipeline\\Pipeline->Illuminate\\Pipeline\\{closure}(Object(Illuminate\\Http\\Request))
#45 /home3/ritualss/public_html/pos/vendor/laravel/framework/src/Illuminate/Pipeline/Pipeline.php(104): Illuminate\\Routing\\Pipeline->Illuminate\\Routing\\{closure}(Object(Illuminate\\Http\\Request))
#46 /home3/ritualss/public_html/pos/vendor/laravel/framework/src/Illuminate/Routing/Router.php(684): Illuminate\\Pipeline\\Pipeline->then(Object(Closure))
#47 /home3/ritualss/public_html/pos/vendor/laravel/framework/src/Illuminate/Routing/Router.php(659): Illuminate\\Routing\\Router->runRouteWithinStack(Object(Illuminate\\Routing\\Route), Object(Illuminate\\Http\\Request))
#48 /home3/ritualss/public_html/pos/vendor/laravel/framework/src/Illuminate/Routing/Router.php(625): Illuminate\\Routing\\Router->runRoute(Object(Illuminate\\Http\\Request), Object(Illuminate\\Routing\\Route))
#49 /home3/ritualss/public_html/pos/vendor/laravel/framework/src/Illuminate/Routing/Router.php(614): Illuminate\\Routing\\Router->dispatchToRoute(Object(Illuminate\\Http\\Request))
#50 /home3/ritualss/public_html/pos/vendor/laravel/framework/src/Illuminate/Foundation/Http/Kernel.php(176): Illuminate\\Routing\\Router->dispatch(Object(Illuminate\\Http\\Request))
#51 /home3/ritualss/public_html/pos/vendor/laravel/framework/src/Illuminate/Routing/Pipeline.php(30): Illuminate\\Foundation\\Http\\Kernel->Illuminate\\Foundation\\Http\\{closure}(Object(Illuminate\\Http\\Request))
#52 /home3/ritualss/public_html/pos/vendor/barryvdh/laravel-debugbar/src/Middleware/InjectDebugbar.php(58): Illuminate\\Routing\\Pipeline->Illuminate\\Routing\\{closure}(Object(Illuminate\\Http\\Request))
#53 /home3/ritualss/public_html/pos/vendor/laravel/framework/src/Illuminate/Pipeline/Pipeline.php(163): Barryvdh\\Debugbar\\Middleware\\InjectDebugbar->handle(Object(Illuminate\\Http\\Request), Object(Closure))
#54 /home3/ritualss/public_html/pos/vendor/laravel/framework/src/Illuminate/Routing/Pipeline.php(53): Illuminate\\Pipeline\\Pipeline->Illuminate\\Pipeline\\{closure}(Object(Illuminate\\Http\\Request))
#55 /home3/ritualss/public_html/pos/vendor/fideloper/proxy/src/TrustProxies.php(57): Illuminate\\Routing\\Pipeline->Illuminate\\Routing\\{closure}(Object(Illuminate\\Http\\Request))
#56 /home3/ritualss/public_html/pos/vendor/laravel/framework/src/Illuminate/Pipeline/Pipeline.php(163): Fideloper\\Proxy\\TrustProxies->handle(Object(Illuminate\\Http\\Request), Object(Closure))
#57 /home3/ritualss/public_html/pos/vendor/laravel/framework/src/Illuminate/Routing/Pipeline.php(53): Illuminate\\Pipeline\\Pipeline->Illuminate\\Pipeline\\{closure}(Object(Illuminate\\Http\\Request))
#58 /home3/ritualss/public_html/pos/vendor/laravel/framework/src/Illuminate/Foundation/Http/Middleware/TransformsRequest.php(31): Illuminate\\Routing\\Pipeline->Illuminate\\Routing\\{closure}(Object(Illuminate\\Http\\Request))
#59 /home3/ritualss/public_html/pos/vendor/laravel/framework/src/Illuminate/Pipeline/Pipeline.php(163): Illuminate\\Foundation\\Http\\Middleware\\TransformsRequest->handle(Object(Illuminate\\Http\\Request), Object(Closure))
#60 /home3/ritualss/public_html/pos/vendor/laravel/framework/src/Illuminate/Routing/Pipeline.php(53): Illuminate\\Pipeline\\Pipeline->Illuminate\\Pipeline\\{closure}(Object(Illuminate\\Http\\Request))
#61 /home3/ritualss/public_html/pos/vendor/laravel/framework/src/Illuminate/Foundation/Http/Middleware/TransformsRequest.php(31): Illuminate\\Routing\\Pipeline->Illuminate\\Routing\\{closure}(Object(Illuminate\\Http\\Request))
#62 /home3/ritualss/public_html/pos/vendor/laravel/framework/src/Illuminate/Pipeline/Pipeline.php(163): Illuminate\\Foundation\\Http\\Middleware\\TransformsRequest->handle(Object(Illuminate\\Http\\Request), Object(Closure))
#63 /home3/ritualss/public_html/pos/vendor/laravel/framework/src/Illuminate/Routing/Pipeline.php(53): Illuminate\\Pipeline\\Pipeline->Illuminate\\Pipeline\\{closure}(Object(Illuminate\\Http\\Request))
#64 /home3/ritualss/public_html/pos/vendor/laravel/framework/src/Illuminate/Foundation/Http/Middleware/ValidatePostSize.php(27): Illuminate\\Routing\\Pipeline->Illuminate\\Routing\\{closure}(Object(Illuminate\\Http\\Request))
#65 /home3/ritualss/public_html/pos/vendor/laravel/framework/src/Illuminate/Pipeline/Pipeline.php(163): Illuminate\\Foundation\\Http\\Middleware\\ValidatePostSize->handle(Object(Illuminate\\Http\\Request), Object(Closure))
#66 /home3/ritualss/public_html/pos/vendor/laravel/framework/src/Illuminate/Routing/Pipeline.php(53): Illuminate\\Pipeline\\Pipeline->Illuminate\\Pipeline\\{closure}(Object(Illuminate\\Http\\Request))
#67 /home3/ritualss/public_html/pos/vendor/laravel/framework/src/Illuminate/Foundation/Http/Middleware/CheckForMaintenanceMode.php(62): Illuminate\\Routing\\Pipeline->Illuminate\\Routing\\{closure}(Object(Illuminate\\Http\\Request))
#68 /home3/ritualss/public_html/pos/vendor/laravel/framework/src/Illuminate/Pipeline/Pipeline.php(163): Illuminate\\Foundation\\Http\\Middleware\\CheckForMaintenanceMode->handle(Object(Illuminate\\Http\\Request), Object(Closure))
#69 /home3/ritualss/public_html/pos/vendor/laravel/framework/src/Illuminate/Routing/Pipeline.php(53): Illuminate\\Pipeline\\Pipeline->Illuminate\\Pipeline\\{closure}(Object(Illuminate\\Http\\Request))
#70 /home3/ritualss/public_html/pos/vendor/laravel/framework/src/Illuminate/Pipeline/Pipeline.php(104): Illuminate\\Routing\\Pipeline->Illuminate\\Routing\\{closure}(Object(Illuminate\\Http\\Request))
#71 /home3/ritualss/public_html/pos/vendor/laravel/framework/src/Illuminate/Foundation/Http/Kernel.php(151): Illuminate\\Pipeline\\Pipeline->then(Object(Closure))
#72 /home3/ritualss/public_html/pos/vendor/laravel/framework/src/Illuminate/Foundation/Http/Kernel.php(116): Illuminate\\Foundation\\Http\\Kernel->sendRequestThroughRouter(Object(Illuminate\\Http\\Request))
#73 /home3/ritualss/public_html/pos/public/index.php(51): Illuminate\\Foundation\\Http\\Kernel->handle(Object(Illuminate\\Http\\Request))
#74 {main}
"} 
[2022-02-22 13:22:29] live.ERROR: Trying to get property 'total_rp' of non-object {"userId":40,"email":"soba@gmail.com","exception":"[object] (ErrorException(code: 0): Trying to get property 'total_rp' of non-object at /home3/ritualss/public_html/pos/app/Utils/TransactionUtil.php:3799)
[stacktrace]
#0 /home3/ritualss/public_html/pos/app/Utils/TransactionUtil.php(3799): Illuminate\\Foundation\\Bootstrap\\HandleExceptions->handleError(8, 'Trying to get p...', '/home3/ritualss...', 3799, Array)
#1 /home3/ritualss/public_html/pos/app/Http/Controllers/SellPosController.php(1996): App\\Utils\\TransactionUtil->getRewardRedeemDetails(1, NULL)
#2 [internal function]: App\\Http\\Controllers\\SellPosController->getRewardDetails(Object(Illuminate\\Http\\Request))
#3 /home3/ritualss/public_html/pos/vendor/laravel/framework/src/Illuminate/Routing/Controller.php(54): call_user_func_array(Array, Array)
#4 /home3/ritualss/public_html/pos/vendor/laravel/framework/src/Illuminate/Routing/ControllerDispatcher.php(45): Illuminate\\Routing\\Controller->callAction('getRewardDetail...', Array)
#5 /home3/ritualss/public_html/pos/vendor/laravel/framework/src/Illuminate/Routing/Route.php(219): Illuminate\\Routing\\ControllerDispatcher->dispatch(Object(Illuminate\\Routing\\Route), Object(App\\Http\\Controllers\\SellPosController), 'getRewardDetail...')
#6 /home3/ritualss/public_html/pos/vendor/laravel/framework/src/Illuminate/Routing/Route.php(176): Illuminate\\Routing\\Route->runController()
#7 /home3/ritualss/public_html/pos/vendor/laravel/framework/src/Illuminate/Routing/Router.php(682): Illuminate\\Routing\\Route->run()
#8 /home3/ritualss/public_html/pos/vendor/laravel/framework/src/Illuminate/Routing/Pipeline.php(30): Illuminate\\Routing\\Router->Illuminate\\Routing\\{closure}(Object(Illuminate\\Http\\Request))
#9 /home3/ritualss/public_html/pos/app/Http/Middleware/Callbacks.php(48): Illuminate\\Routing\\Pipeline->Illuminate\\Routing\\{closure}(Object(Illuminate\\Http\\Request))
#10 /home3/ritualss/public_html/pos/vendor/laravel/framework/src/Illuminate/Pipeline/Pipeline.php(163): App\\Http\\Middleware\\Callbacks->handle(Object(Illuminate\\Http\\Request), Object(Closure))
#11 /home3/ritualss/public_html/pos/vendor/laravel/framework/src/Illuminate/Routing/Pipeline.php(53): Illuminate\\Pipeline\\Pipeline->Illuminate\\Pipeline\\{closure}(Object(Illuminate\\Http\\Request))
#12 /home3/ritualss/public_html/pos/app/Http/Middleware/Timezone.php(27): Illuminate\\Routing\\Pipeline->Illuminate\\Routing\\{closure}(Object(Illuminate\\Http\\Request))
#13 /home3/ritualss/public_html/pos/vendor/laravel/framework/src/Illuminate/Pipeline/Pipeline.php(163): App\\Http\\Middleware\\Timezone->handle(Object(Illuminate\\Http\\Request), Object(Closure))
#14 /home3/ritualss/public_html/pos/vendor/laravel/framework/src/Illuminate/Routing/Pipeline.php(53): Illuminate\\Pipeline\\Pipeline->Illuminate\\Pipeline\\{closure}(Object(Illuminate\\Http\\Request))
#15 /home3/ritualss/public_html/pos/app/Http/Middleware/Language.php(27): Illuminate\\Routing\\Pipeline->Illuminate\\Routing\\{closure}(Object(Illuminate\\Http\\Request))
#16 /home3/ritualss/public_html/pos/vendor/laravel/framework/src/Illuminate/Pipeline/Pipeline.php(163): App\\Http\\Middleware\\Language->handle(Object(Illuminate\\Http\\Request), Object(Closure))
#17 /home3/ritualss/public_html/pos/vendor/laravel/framework/src/Illuminate/Routing/Pipeline.php(53): Illuminate\\Pipeline\\Pipeline->Illuminate\\Pipeline\\{closure}(Object(Illuminate\\Http\\Request))
#18 /home3/ritualss/public_html/pos/app/Http/Middleware/SetSessionData.php(53): Illuminate\\Routing\\Pipeline->Illuminate\\Routing\\{closure}(Object(Illuminate\\Http\\Request))
#19 /home3/ritualss/public_html/pos/vendor/laravel/framework/src/Illuminate/Pipeline/Pipeline.php(163): App\\Http\\Middleware\\SetSessionData->handle(Object(Illuminate\\Http\\Request), Object(Closure))
#20 /home3/ritualss/public_html/pos/vendor/laravel/framework/src/Illuminate/Routing/Pipeline.php(53): Illuminate\\Pipeline\\Pipeline->Illuminate\\Pipeline\\{closure}(Object(Illuminate\\Http\\Request))
#21 /home3/ritualss/public_html/pos/app/Http/Middleware/IsInstalled.php(23): Illuminate\\Routing\\Pipeline->Illuminate\\Routing\\{closure}(Object(Illuminate\\Http\\Request))
#22 /home3/ritualss/public_html/pos/vendor/laravel/framework/src/Illuminate/Pipeline/Pipeline.php(163): App\\Http\\Middleware\\IsInstalled->handle(Object(Illuminate\\Http\\Request), Object(Closure))
#23 /home3/ritualss/public_html/pos/vendor/laravel/framework/src/Illuminate/Routing/Pipeline.php(53): Illuminate\\Pipeline\\Pipeline->Illuminate\\Pipeline\\{closure}(Object(Illuminate\\Http\\Request))
#24 /home3/ritualss/public_html/pos/vendor/laravel/framework/src/Illuminate/Routing/Middleware/SubstituteBindings.php(41): Illuminate\\Routing\\Pipeline->Illuminate\\Routing\\{closure}(Object(Illuminate\\Http\\Request))
#25 /home3/ritualss/public_html/pos/vendor/laravel/framework/src/Illuminate/Pipeline/Pipeline.php(163): Illuminate\\Routing\\Middleware\\SubstituteBindings->handle(Object(Illuminate\\Http\\Request), Object(Closure))
#26 /home3/ritualss/public_html/pos/vendor/laravel/framework/src/Illuminate/Routing/Pipeline.php(53): Illuminate\\Pipeline\\Pipeline->Illuminate\\Pipeline\\{closure}(Object(Illuminate\\Http\\Request))
#27 /home3/ritualss/public_html/pos/vendor/laravel/framework/src/Illuminate/Auth/Middleware/Authenticate.php(43): Illuminate\\Routing\\Pipeline->Illuminate\\Routing\\{closure}(Object(Illuminate\\Http\\Request))
#28 /home3/ritualss/public_html/pos/vendor/laravel/framework/src/Illuminate/Pipeline/Pipeline.php(163): Illuminate\\Auth\\Middleware\\Authenticate->handle(Object(Illuminate\\Http\\Request), Object(Closure))
#29 /home3/ritualss/public_html/pos/vendor/laravel/framework/src/Illuminate/Routing/Pipeline.php(53): Illuminate\\Pipeline\\Pipeline->Illuminate\\Pipeline\\{closure}(Object(Illuminate\\Http\\Request))
#30 /home3/ritualss/public_html/pos/vendor/laravel/framework/src/Illuminate/Foundation/Http/Middleware/VerifyCsrfToken.php(75): Illuminate\\Routing\\Pipeline->Illuminate\\Routing\\{closure}(Object(Illuminate\\Http\\Request))
#31 /home3/ritualss/public_html/pos/vendor/laravel/framework/src/Illuminate/Pipeline/Pipeline.php(163): Illuminate\\Foundation\\Http\\Middleware\\VerifyCsrfToken->handle(Object(Illuminate\\Http\\Request), Object(Closure))
#32 /home3/ritualss/public_html/pos/vendor/laravel/framework/src/Illuminate/Routing/Pipeline.php(53): Illuminate\\Pipeline\\Pipeline->Illuminate\\Pipeline\\{closure}(Object(Illuminate\\Http\\Request))
#33 /home3/ritualss/public_html/pos/vendor/laravel/framework/src/Illuminate/View/Middleware/ShareErrorsFromSession.php(49): Illuminate\\Routing\\Pipeline->Illuminate\\Routing\\{closure}(Object(Illuminate\\Http\\Request))
#34 /home3/ritualss/public_html/pos/vendor/laravel/framework/src/Illuminate/Pipeline/Pipeline.php(163): Illuminate\\View\\Middleware\\ShareErrorsFromSession->handle(Object(Illuminate\\Http\\Request), Object(Closure))
#35 /home3/ritualss/public_html/pos/vendor/laravel/framework/src/Illuminate/Routing/Pipeline.php(53): Illuminate\\Pipeline\\Pipeline->Illuminate\\Pipeline\\{closure}(Object(Illuminate\\Http\\Request))
#36 /home3/ritualss/public_html/pos/vendor/laravel/framework/src/Illuminate/Session/Middleware/StartSession.php(63): Illuminate\\Routing\\Pipeline->Illuminate\\Routing\\{closure}(Object(Illuminate\\Http\\Request))
#37 /home3/ritualss/public_html/pos/vendor/laravel/framework/src/Illuminate/Pipeline/Pipeline.php(163): Illuminate\\Session\\Middleware\\StartSession->handle(Object(Illuminate\\Http\\Request), Object(Closure))
#38 /home3/ritualss/public_html/pos/vendor/laravel/framework/src/Illuminate/Routing/Pipeline.php(53): Illuminate\\Pipeline\\Pipeline->Illuminate\\Pipeline\\{closure}(Object(Illuminate\\Http\\Request))
#39 /home3/ritualss/public_html/pos/vendor/laravel/framework/src/Illuminate/Cookie/Middleware/AddQueuedCookiesToResponse.php(37): Illuminate\\Routing\\Pipeline->Illuminate\\Routing\\{closure}(Object(Illuminate\\Http\\Request))
#40 /home3/ritualss/public_html/pos/vendor/laravel/framework/src/Illuminate/Pipeline/Pipeline.php(163): Illuminate\\Cookie\\Middleware\\AddQueuedCookiesToResponse->handle(Object(Illuminate\\Http\\Request), Object(Closure))
#41 /home3/ritualss/public_html/pos/vendor/laravel/framework/src/Illuminate/Routing/Pipeline.php(53): Illuminate\\Pipeline\\Pipeline->Illuminate\\Pipeline\\{closure}(Object(Illuminate\\Http\\Request))
#42 /home3/ritualss/public_html/pos/vendor/laravel/framework/src/Illuminate/Cookie/Middleware/EncryptCookies.php(66): Illuminate\\Routing\\Pipeline->Illuminate\\Routing\\{closure}(Object(Illuminate\\Http\\Request))
#43 /home3/ritualss/public_html/pos/vendor/laravel/framework/src/Illuminate/Pipeline/Pipeline.php(163): Illuminate\\Cookie\\Middleware\\EncryptCookies->handle(Object(Illuminate\\Http\\Request), Object(Closure))
#44 /home3/ritualss/public_html/pos/vendor/laravel/framework/src/Illuminate/Routing/Pipeline.php(53): Illuminate\\Pipeline\\Pipeline->Illuminate\\Pipeline\\{closure}(Object(Illuminate\\Http\\Request))
#45 /home3/ritualss/public_html/pos/vendor/laravel/framework/src/Illuminate/Pipeline/Pipeline.php(104): Illuminate\\Routing\\Pipeline->Illuminate\\Routing\\{closure}(Object(Illuminate\\Http\\Request))
#46 /home3/ritualss/public_html/pos/vendor/laravel/framework/src/Illuminate/Routing/Router.php(684): Illuminate\\Pipeline\\Pipeline->then(Object(Closure))
#47 /home3/ritualss/public_html/pos/vendor/laravel/framework/src/Illuminate/Routing/Router.php(659): Illuminate\\Routing\\Router->runRouteWithinStack(Object(Illuminate\\Routing\\Route), Object(Illuminate\\Http\\Request))
#48 /home3/ritualss/public_html/pos/vendor/laravel/framework/src/Illuminate/Routing/Router.php(625): Illuminate\\Routing\\Router->runRoute(Object(Illuminate\\Http\\Request), Object(Illuminate\\Routing\\Route))
#49 /home3/ritualss/public_html/pos/vendor/laravel/framework/src/Illuminate/Routing/Router.php(614): Illuminate\\Routing\\Router->dispatchToRoute(Object(Illuminate\\Http\\Request))
#50 /home3/ritualss/public_html/pos/vendor/laravel/framework/src/Illuminate/Foundation/Http/Kernel.php(176): Illuminate\\Routing\\Router->dispatch(Object(Illuminate\\Http\\Request))
#51 /home3/ritualss/public_html/pos/vendor/laravel/framework/src/Illuminate/Routing/Pipeline.php(30): Illuminate\\Foundation\\Http\\Kernel->Illuminate\\Foundation\\Http\\{closure}(Object(Illuminate\\Http\\Request))
#52 /home3/ritualss/public_html/pos/vendor/barryvdh/laravel-debugbar/src/Middleware/InjectDebugbar.php(58): Illuminate\\Routing\\Pipeline->Illuminate\\Routing\\{closure}(Object(Illuminate\\Http\\Request))
#53 /home3/ritualss/public_html/pos/vendor/laravel/framework/src/Illuminate/Pipeline/Pipeline.php(163): Barryvdh\\Debugbar\\Middleware\\InjectDebugbar->handle(Object(Illuminate\\Http\\Request), Object(Closure))
#54 /home3/ritualss/public_html/pos/vendor/laravel/framework/src/Illuminate/Routing/Pipeline.php(53): Illuminate\\Pipeline\\Pipeline->Illuminate\\Pipeline\\{closure}(Object(Illuminate\\Http\\Request))
#55 /home3/ritualss/public_html/pos/vendor/fideloper/proxy/src/TrustProxies.php(57): Illuminate\\Routing\\Pipeline->Illuminate\\Routing\\{closure}(Object(Illuminate\\Http\\Request))
#56 /home3/ritualss/public_html/pos/vendor/laravel/framework/src/Illuminate/Pipeline/Pipeline.php(163): Fideloper\\Proxy\\TrustProxies->handle(Object(Illuminate\\Http\\Request), Object(Closure))
#57 /home3/ritualss/public_html/pos/vendor/laravel/framework/src/Illuminate/Routing/Pipeline.php(53): Illuminate\\Pipeline\\Pipeline->Illuminate\\Pipeline\\{closure}(Object(Illuminate\\Http\\Request))
#58 /home3/ritualss/public_html/pos/vendor/laravel/framework/src/Illuminate/Foundation/Http/Middleware/TransformsRequest.php(31): Illuminate\\Routing\\Pipeline->Illuminate\\Routing\\{closure}(Object(Illuminate\\Http\\Request))
#59 /home3/ritualss/public_html/pos/vendor/laravel/framework/src/Illuminate/Pipeline/Pipeline.php(163): Illuminate\\Foundation\\Http\\Middleware\\TransformsRequest->handle(Object(Illuminate\\Http\\Request), Object(Closure))
#60 /home3/ritualss/public_html/pos/vendor/laravel/framework/src/Illuminate/Routing/Pipeline.php(53): Illuminate\\Pipeline\\Pipeline->Illuminate\\Pipeline\\{closure}(Object(Illuminate\\Http\\Request))
#61 /home3/ritualss/public_html/pos/vendor/laravel/framework/src/Illuminate/Foundation/Http/Middleware/TransformsRequest.php(31): Illuminate\\Routing\\Pipeline->Illuminate\\Routing\\{closure}(Object(Illuminate\\Http\\Request))
#62 /home3/ritualss/public_html/pos/vendor/laravel/framework/src/Illuminate/Pipeline/Pipeline.php(163): Illuminate\\Foundation\\Http\\Middleware\\TransformsRequest->handle(Object(Illuminate\\Http\\Request), Object(Closure))
#63 /home3/ritualss/public_html/pos/vendor/laravel/framework/src/Illuminate/Routing/Pipeline.php(53): Illuminate\\Pipeline\\Pipeline->Illuminate\\Pipeline\\{closure}(Object(Illuminate\\Http\\Request))
#64 /home3/ritualss/public_html/pos/vendor/laravel/framework/src/Illuminate/Foundation/Http/Middleware/ValidatePostSize.php(27): Illuminate\\Routing\\Pipeline->Illuminate\\Routing\\{closure}(Object(Illuminate\\Http\\Request))
#65 /home3/ritualss/public_html/pos/vendor/laravel/framework/src/Illuminate/Pipeline/Pipeline.php(163): Illuminate\\Foundation\\Http\\Middleware\\ValidatePostSize->handle(Object(Illuminate\\Http\\Request), Object(Closure))
#66 /home3/ritualss/public_html/pos/vendor/laravel/framework/src/Illuminate/Routing/Pipeline.php(53): Illuminate\\Pipeline\\Pipeline->Illuminate\\Pipeline\\{closure}(Object(Illuminate\\Http\\Request))
#67 /home3/ritualss/public_html/pos/vendor/laravel/framework/src/Illuminate/Foundation/Http/Middleware/CheckForMaintenanceMode.php(62): Illuminate\\Routing\\Pipeline->Illuminate\\Routing\\{closure}(Object(Illuminate\\Http\\Request))
#68 /home3/ritualss/public_html/pos/vendor/laravel/framework/src/Illuminate/Pipeline/Pipeline.php(163): Illuminate\\Foundation\\Http\\Middleware\\CheckForMaintenanceMode->handle(Object(Illuminate\\Http\\Request), Object(Closure))
#69 /home3/ritualss/public_html/pos/vendor/laravel/framework/src/Illuminate/Routing/Pipeline.php(53): Illuminate\\Pipeline\\Pipeline->Illuminate\\Pipeline\\{closure}(Object(Illuminate\\Http\\Request))
#70 /home3/ritualss/public_html/pos/vendor/laravel/framework/src/Illuminate/Pipeline/Pipeline.php(104): Illuminate\\Routing\\Pipeline->Illuminate\\Routing\\{closure}(Object(Illuminate\\Http\\Request))
#71 /home3/ritualss/public_html/pos/vendor/laravel/framework/src/Illuminate/Foundation/Http/Kernel.php(151): Illuminate\\Pipeline\\Pipeline->then(Object(Closure))
#72 /home3/ritualss/public_html/pos/vendor/laravel/framework/src/Illuminate/Foundation/Http/Kernel.php(116): Illuminate\\Foundation\\Http\\Kernel->sendRequestThroughRouter(Object(Illuminate\\Http\\Request))
#73 /home3/ritualss/public_html/pos/public/index.php(51): Illuminate\\Foundation\\Http\\Kernel->handle(Object(Illuminate\\Http\\Request))
#74 {main}
"} 
[2022-02-22 13:22:48] live.ERROR: Trying to get property 'total_rp' of non-object {"userId":40,"email":"soba@gmail.com","exception":"[object] (ErrorException(code: 0): Trying to get property 'total_rp' of non-object at /home3/ritualss/public_html/pos/app/Utils/TransactionUtil.php:3799)
[stacktrace]
#0 /home3/ritualss/public_html/pos/app/Utils/TransactionUtil.php(3799): Illuminate\\Foundation\\Bootstrap\\HandleExceptions->handleError(8, 'Trying to get p...', '/home3/ritualss...', 3799, Array)
#1 /home3/ritualss/public_html/pos/app/Http/Controllers/SellPosController.php(1996): App\\Utils\\TransactionUtil->getRewardRedeemDetails(1, NULL)
#2 [internal function]: App\\Http\\Controllers\\SellPosController->getRewardDetails(Object(Illuminate\\Http\\Request))
#3 /home3/ritualss/public_html/pos/vendor/laravel/framework/src/Illuminate/Routing/Controller.php(54): call_user_func_array(Array, Array)
#4 /home3/ritualss/public_html/pos/vendor/laravel/framework/src/Illuminate/Routing/ControllerDispatcher.php(45): Illuminate\\Routing\\Controller->callAction('getRewardDetail...', Array)
#5 /home3/ritualss/public_html/pos/vendor/laravel/framework/src/Illuminate/Routing/Route.php(219): Illuminate\\Routing\\ControllerDispatcher->dispatch(Object(Illuminate\\Routing\\Route), Object(App\\Http\\Controllers\\SellPosController), 'getRewardDetail...')
#6 /home3/ritualss/public_html/pos/vendor/laravel/framework/src/Illuminate/Routing/Route.php(176): Illuminate\\Routing\\Route->runController()
#7 /home3/ritualss/public_html/pos/vendor/laravel/framework/src/Illuminate/Routing/Router.php(682): Illuminate\\Routing\\Route->run()
#8 /home3/ritualss/public_html/pos/vendor/laravel/framework/src/Illuminate/Routing/Pipeline.php(30): Illuminate\\Routing\\Router->Illuminate\\Routing\\{closure}(Object(Illuminate\\Http\\Request))
#9 /home3/ritualss/public_html/pos/app/Http/Middleware/Callbacks.php(48): Illuminate\\Routing\\Pipeline->Illuminate\\Routing\\{closure}(Object(Illuminate\\Http\\Request))
#10 /home3/ritualss/public_html/pos/vendor/laravel/framework/src/Illuminate/Pipeline/Pipeline.php(163): App\\Http\\Middleware\\Callbacks->handle(Object(Illuminate\\Http\\Request), Object(Closure))
#11 /home3/ritualss/public_html/pos/vendor/laravel/framework/src/Illuminate/Routing/Pipeline.php(53): Illuminate\\Pipeline\\Pipeline->Illuminate\\Pipeline\\{closure}(Object(Illuminate\\Http\\Request))
#12 /home3/ritualss/public_html/pos/app/Http/Middleware/Timezone.php(27): Illuminate\\Routing\\Pipeline->Illuminate\\Routing\\{closure}(Object(Illuminate\\Http\\Request))
#13 /home3/ritualss/public_html/pos/vendor/laravel/framework/src/Illuminate/Pipeline/Pipeline.php(163): App\\Http\\Middleware\\Timezone->handle(Object(Illuminate\\Http\\Request), Object(Closure))
#14 /home3/ritualss/public_html/pos/vendor/laravel/framework/src/Illuminate/Routing/Pipeline.php(53): Illuminate\\Pipeline\\Pipeline->Illuminate\\Pipeline\\{closure}(Object(Illuminate\\Http\\Request))
#15 /home3/ritualss/public_html/pos/app/Http/Middleware/Language.php(27): Illuminate\\Routing\\Pipeline->Illuminate\\Routing\\{closure}(Object(Illuminate\\Http\\Request))
#16 /home3/ritualss/public_html/pos/vendor/laravel/framework/src/Illuminate/Pipeline/Pipeline.php(163): App\\Http\\Middleware\\Language->handle(Object(Illuminate\\Http\\Request), Object(Closure))
#17 /home3/ritualss/public_html/pos/vendor/laravel/framework/src/Illuminate/Routing/Pipeline.php(53): Illuminate\\Pipeline\\Pipeline->Illuminate\\Pipeline\\{closure}(Object(Illuminate\\Http\\Request))
#18 /home3/ritualss/public_html/pos/app/Http/Middleware/SetSessionData.php(53): Illuminate\\Routing\\Pipeline->Illuminate\\Routing\\{closure}(Object(Illuminate\\Http\\Request))
#19 /home3/ritualss/public_html/pos/vendor/laravel/framework/src/Illuminate/Pipeline/Pipeline.php(163): App\\Http\\Middleware\\SetSessionData->handle(Object(Illuminate\\Http\\Request), Object(Closure))
#20 /home3/ritualss/public_html/pos/vendor/laravel/framework/src/Illuminate/Routing/Pipeline.php(53): Illuminate\\Pipeline\\Pipeline->Illuminate\\Pipeline\\{closure}(Object(Illuminate\\Http\\Request))
#21 /home3/ritualss/public_html/pos/app/Http/Middleware/IsInstalled.php(23): Illuminate\\Routing\\Pipeline->Illuminate\\Routing\\{closure}(Object(Illuminate\\Http\\Request))
#22 /home3/ritualss/public_html/pos/vendor/laravel/framework/src/Illuminate/Pipeline/Pipeline.php(163): App\\Http\\Middleware\\IsInstalled->handle(Object(Illuminate\\Http\\Request), Object(Closure))
#23 /home3/ritualss/public_html/pos/vendor/laravel/framework/src/Illuminate/Routing/Pipeline.php(53): Illuminate\\Pipeline\\Pipeline->Illuminate\\Pipeline\\{closure}(Object(Illuminate\\Http\\Request))
#24 /home3/ritualss/public_html/pos/vendor/laravel/framework/src/Illuminate/Routing/Middleware/SubstituteBindings.php(41): Illuminate\\Routing\\Pipeline->Illuminate\\Routing\\{closure}(Object(Illuminate\\Http\\Request))
#25 /home3/ritualss/public_html/pos/vendor/laravel/framework/src/Illuminate/Pipeline/Pipeline.php(163): Illuminate\\Routing\\Middleware\\SubstituteBindings->handle(Object(Illuminate\\Http\\Request), Object(Closure))
#26 /home3/ritualss/public_html/pos/vendor/laravel/framework/src/Illuminate/Routing/Pipeline.php(53): Illuminate\\Pipeline\\Pipeline->Illuminate\\Pipeline\\{closure}(Object(Illuminate\\Http\\Request))
#27 /home3/ritualss/public_html/pos/vendor/laravel/framework/src/Illuminate/Auth/Middleware/Authenticate.php(43): Illuminate\\Routing\\Pipeline->Illuminate\\Routing\\{closure}(Object(Illuminate\\Http\\Request))
#28 /home3/ritualss/public_html/pos/vendor/laravel/framework/src/Illuminate/Pipeline/Pipeline.php(163): Illuminate\\Auth\\Middleware\\Authenticate->handle(Object(Illuminate\\Http\\Request), Object(Closure))
#29 /home3/ritualss/public_html/pos/vendor/laravel/framework/src/Illuminate/Routing/Pipeline.php(53): Illuminate\\Pipeline\\Pipeline->Illuminate\\Pipeline\\{closure}(Object(Illuminate\\Http\\Request))
#30 /home3/ritualss/public_html/pos/vendor/laravel/framework/src/Illuminate/Foundation/Http/Middleware/VerifyCsrfToken.php(75): Illuminate\\Routing\\Pipeline->Illuminate\\Routing\\{closure}(Object(Illuminate\\Http\\Request))
#31 /home3/ritualss/public_html/pos/vendor/laravel/framework/src/Illuminate/Pipeline/Pipeline.php(163): Illuminate\\Foundation\\Http\\Middleware\\VerifyCsrfToken->handle(Object(Illuminate\\Http\\Request), Object(Closure))
#32 /home3/ritualss/public_html/pos/vendor/laravel/framework/src/Illuminate/Routing/Pipeline.php(53): Illuminate\\Pipeline\\Pipeline->Illuminate\\Pipeline\\{closure}(Object(Illuminate\\Http\\Request))
#33 /home3/ritualss/public_html/pos/vendor/laravel/framework/src/Illuminate/View/Middleware/ShareErrorsFromSession.php(49): Illuminate\\Routing\\Pipeline->Illuminate\\Routing\\{closure}(Object(Illuminate\\Http\\Request))
#34 /home3/ritualss/public_html/pos/vendor/laravel/framework/src/Illuminate/Pipeline/Pipeline.php(163): Illuminate\\View\\Middleware\\ShareErrorsFromSession->handle(Object(Illuminate\\Http\\Request), Object(Closure))
#35 /home3/ritualss/public_html/pos/vendor/laravel/framework/src/Illuminate/Routing/Pipeline.php(53): Illuminate\\Pipeline\\Pipeline->Illuminate\\Pipeline\\{closure}(Object(Illuminate\\Http\\Request))
#36 /home3/ritualss/public_html/pos/vendor/laravel/framework/src/Illuminate/Session/Middleware/StartSession.php(63): Illuminate\\Routing\\Pipeline->Illuminate\\Routing\\{closure}(Object(Illuminate\\Http\\Request))
#37 /home3/ritualss/public_html/pos/vendor/laravel/framework/src/Illuminate/Pipeline/Pipeline.php(163): Illuminate\\Session\\Middleware\\StartSession->handle(Object(Illuminate\\Http\\Request), Object(Closure))
#38 /home3/ritualss/public_html/pos/vendor/laravel/framework/src/Illuminate/Routing/Pipeline.php(53): Illuminate\\Pipeline\\Pipeline->Illuminate\\Pipeline\\{closure}(Object(Illuminate\\Http\\Request))
#39 /home3/ritualss/public_html/pos/vendor/laravel/framework/src/Illuminate/Cookie/Middleware/AddQueuedCookiesToResponse.php(37): Illuminate\\Routing\\Pipeline->Illuminate\\Routing\\{closure}(Object(Illuminate\\Http\\Request))
#40 /home3/ritualss/public_html/pos/vendor/laravel/framework/src/Illuminate/Pipeline/Pipeline.php(163): Illuminate\\Cookie\\Middleware\\AddQueuedCookiesToResponse->handle(Object(Illuminate\\Http\\Request), Object(Closure))
#41 /home3/ritualss/public_html/pos/vendor/laravel/framework/src/Illuminate/Routing/Pipeline.php(53): Illuminate\\Pipeline\\Pipeline->Illuminate\\Pipeline\\{closure}(Object(Illuminate\\Http\\Request))
#42 /home3/ritualss/public_html/pos/vendor/laravel/framework/src/Illuminate/Cookie/Middleware/EncryptCookies.php(66): Illuminate\\Routing\\Pipeline->Illuminate\\Routing\\{closure}(Object(Illuminate\\Http\\Request))
#43 /home3/ritualss/public_html/pos/vendor/laravel/framework/src/Illuminate/Pipeline/Pipeline.php(163): Illuminate\\Cookie\\Middleware\\EncryptCookies->handle(Object(Illuminate\\Http\\Request), Object(Closure))
#44 /home3/ritualss/public_html/pos/vendor/laravel/framework/src/Illuminate/Routing/Pipeline.php(53): Illuminate\\Pipeline\\Pipeline->Illuminate\\Pipeline\\{closure}(Object(Illuminate\\Http\\Request))
#45 /home3/ritualss/public_html/pos/vendor/laravel/framework/src/Illuminate/Pipeline/Pipeline.php(104): Illuminate\\Routing\\Pipeline->Illuminate\\Routing\\{closure}(Object(Illuminate\\Http\\Request))
#46 /home3/ritualss/public_html/pos/vendor/laravel/framework/src/Illuminate/Routing/Router.php(684): Illuminate\\Pipeline\\Pipeline->then(Object(Closure))
#47 /home3/ritualss/public_html/pos/vendor/laravel/framework/src/Illuminate/Routing/Router.php(659): Illuminate\\Routing\\Router->runRouteWithinStack(Object(Illuminate\\Routing\\Route), Object(Illuminate\\Http\\Request))
#48 /home3/ritualss/public_html/pos/vendor/laravel/framework/src/Illuminate/Routing/Router.php(625): Illuminate\\Routing\\Router->runRoute(Object(Illuminate\\Http\\Request), Object(Illuminate\\Routing\\Route))
#49 /home3/ritualss/public_html/pos/vendor/laravel/framework/src/Illuminate/Routing/Router.php(614): Illuminate\\Routing\\Router->dispatchToRoute(Object(Illuminate\\Http\\Request))
#50 /home3/ritualss/public_html/pos/vendor/laravel/framework/src/Illuminate/Foundation/Http/Kernel.php(176): Illuminate\\Routing\\Router->dispatch(Object(Illuminate\\Http\\Request))
#51 /home3/ritualss/public_html/pos/vendor/laravel/framework/src/Illuminate/Routing/Pipeline.php(30): Illuminate\\Foundation\\Http\\Kernel->Illuminate\\Foundation\\Http\\{closure}(Object(Illuminate\\Http\\Request))
#52 /home3/ritualss/public_html/pos/vendor/barryvdh/laravel-debugbar/src/Middleware/InjectDebugbar.php(58): Illuminate\\Routing\\Pipeline->Illuminate\\Routing\\{closure}(Object(Illuminate\\Http\\Request))
#53 /home3/ritualss/public_html/pos/vendor/laravel/framework/src/Illuminate/Pipeline/Pipeline.php(163): Barryvdh\\Debugbar\\Middleware\\InjectDebugbar->handle(Object(Illuminate\\Http\\Request), Object(Closure))
#54 /home3/ritualss/public_html/pos/vendor/laravel/framework/src/Illuminate/Routing/Pipeline.php(53): Illuminate\\Pipeline\\Pipeline->Illuminate\\Pipeline\\{closure}(Object(Illuminate\\Http\\Request))
#55 /home3/ritualss/public_html/pos/vendor/fideloper/proxy/src/TrustProxies.php(57): Illuminate\\Routing\\Pipeline->Illuminate\\Routing\\{closure}(Object(Illuminate\\Http\\Request))
#56 /home3/ritualss/public_html/pos/vendor/laravel/framework/src/Illuminate/Pipeline/Pipeline.php(163): Fideloper\\Proxy\\TrustProxies->handle(Object(Illuminate\\Http\\Request), Object(Closure))
#57 /home3/ritualss/public_html/pos/vendor/laravel/framework/src/Illuminate/Routing/Pipeline.php(53): Illuminate\\Pipeline\\Pipeline->Illuminate\\Pipeline\\{closure}(Object(Illuminate\\Http\\Request))
#58 /home3/ritualss/public_html/pos/vendor/laravel/framework/src/Illuminate/Foundation/Http/Middleware/TransformsRequest.php(31): Illuminate\\Routing\\Pipeline->Illuminate\\Routing\\{closure}(Object(Illuminate\\Http\\Request))
#59 /home3/ritualss/public_html/pos/vendor/laravel/framework/src/Illuminate/Pipeline/Pipeline.php(163): Illuminate\\Foundation\\Http\\Middleware\\TransformsRequest->handle(Object(Illuminate\\Http\\Request), Object(Closure))
#60 /home3/ritualss/public_html/pos/vendor/laravel/framework/src/Illuminate/Routing/Pipeline.php(53): Illuminate\\Pipeline\\Pipeline->Illuminate\\Pipeline\\{closure}(Object(Illuminate\\Http\\Request))
#61 /home3/ritualss/public_html/pos/vendor/laravel/framework/src/Illuminate/Foundation/Http/Middleware/TransformsRequest.php(31): Illuminate\\Routing\\Pipeline->Illuminate\\Routing\\{closure}(Object(Illuminate\\Http\\Request))
#62 /home3/ritualss/public_html/pos/vendor/laravel/framework/src/Illuminate/Pipeline/Pipeline.php(163): Illuminate\\Foundation\\Http\\Middleware\\TransformsRequest->handle(Object(Illuminate\\Http\\Request), Object(Closure))
#63 /home3/ritualss/public_html/pos/vendor/laravel/framework/src/Illuminate/Routing/Pipeline.php(53): Illuminate\\Pipeline\\Pipeline->Illuminate\\Pipeline\\{closure}(Object(Illuminate\\Http\\Request))
#64 /home3/ritualss/public_html/pos/vendor/laravel/framework/src/Illuminate/Foundation/Http/Middleware/ValidatePostSize.php(27): Illuminate\\Routing\\Pipeline->Illuminate\\Routing\\{closure}(Object(Illuminate\\Http\\Request))
#65 /home3/ritualss/public_html/pos/vendor/laravel/framework/src/Illuminate/Pipeline/Pipeline.php(163): Illuminate\\Foundation\\Http\\Middleware\\ValidatePostSize->handle(Object(Illuminate\\Http\\Request), Object(Closure))
#66 /home3/ritualss/public_html/pos/vendor/laravel/framework/src/Illuminate/Routing/Pipeline.php(53): Illuminate\\Pipeline\\Pipeline->Illuminate\\Pipeline\\{closure}(Object(Illuminate\\Http\\Request))
#67 /home3/ritualss/public_html/pos/vendor/laravel/framework/src/Illuminate/Foundation/Http/Middleware/CheckForMaintenanceMode.php(62): Illuminate\\Routing\\Pipeline->Illuminate\\Routing\\{closure}(Object(Illuminate\\Http\\Request))
#68 /home3/ritualss/public_html/pos/vendor/laravel/framework/src/Illuminate/Pipeline/Pipeline.php(163): Illuminate\\Foundation\\Http\\Middleware\\CheckForMaintenanceMode->handle(Object(Illuminate\\Http\\Request), Object(Closure))
#69 /home3/ritualss/public_html/pos/vendor/laravel/framework/src/Illuminate/Routing/Pipeline.php(53): Illuminate\\Pipeline\\Pipeline->Illuminate\\Pipeline\\{closure}(Object(Illuminate\\Http\\Request))
#70 /home3/ritualss/public_html/pos/vendor/laravel/framework/src/Illuminate/Pipeline/Pipeline.php(104): Illuminate\\Routing\\Pipeline->Illuminate\\Routing\\{closure}(Object(Illuminate\\Http\\Request))
#71 /home3/ritualss/public_html/pos/vendor/laravel/framework/src/Illuminate/Foundation/Http/Kernel.php(151): Illuminate\\Pipeline\\Pipeline->then(Object(Closure))
#72 /home3/ritualss/public_html/pos/vendor/laravel/framework/src/Illuminate/Foundation/Http/Kernel.php(116): Illuminate\\Foundation\\Http\\Kernel->sendRequestThroughRouter(Object(Illuminate\\Http\\Request))
#73 /home3/ritualss/public_html/pos/public/index.php(51): Illuminate\\Foundation\\Http\\Kernel->handle(Object(Illuminate\\Http\\Request))
#74 {main}
"} 
[2022-02-22 13:24:19] live.ERROR: Trying to get property 'total_rp' of non-object {"userId":40,"email":"soba@gmail.com","exception":"[object] (ErrorException(code: 0): Trying to get property 'total_rp' of non-object at /home3/ritualss/public_html/pos/app/Utils/TransactionUtil.php:3799)
[stacktrace]
#0 /home3/ritualss/public_html/pos/app/Utils/TransactionUtil.php(3799): Illuminate\\Foundation\\Bootstrap\\HandleExceptions->handleError(8, 'Trying to get p...', '/home3/ritualss...', 3799, Array)
#1 /home3/ritualss/public_html/pos/app/Http/Controllers/SellPosController.php(1996): App\\Utils\\TransactionUtil->getRewardRedeemDetails(1, NULL)
#2 [internal function]: App\\Http\\Controllers\\SellPosController->getRewardDetails(Object(Illuminate\\Http\\Request))
#3 /home3/ritualss/public_html/pos/vendor/laravel/framework/src/Illuminate/Routing/Controller.php(54): call_user_func_array(Array, Array)
#4 /home3/ritualss/public_html/pos/vendor/laravel/framework/src/Illuminate/Routing/ControllerDispatcher.php(45): Illuminate\\Routing\\Controller->callAction('getRewardDetail...', Array)
#5 /home3/ritualss/public_html/pos/vendor/laravel/framework/src/Illuminate/Routing/Route.php(219): Illuminate\\Routing\\ControllerDispatcher->dispatch(Object(Illuminate\\Routing\\Route), Object(App\\Http\\Controllers\\SellPosController), 'getRewardDetail...')
#6 /home3/ritualss/public_html/pos/vendor/laravel/framework/src/Illuminate/Routing/Route.php(176): Illuminate\\Routing\\Route->runController()
#7 /home3/ritualss/public_html/pos/vendor/laravel/framework/src/Illuminate/Routing/Router.php(682): Illuminate\\Routing\\Route->run()
#8 /home3/ritualss/public_html/pos/vendor/laravel/framework/src/Illuminate/Routing/Pipeline.php(30): Illuminate\\Routing\\Router->Illuminate\\Routing\\{closure}(Object(Illuminate\\Http\\Request))
#9 /home3/ritualss/public_html/pos/app/Http/Middleware/Callbacks.php(48): Illuminate\\Routing\\Pipeline->Illuminate\\Routing\\{closure}(Object(Illuminate\\Http\\Request))
#10 /home3/ritualss/public_html/pos/vendor/laravel/framework/src/Illuminate/Pipeline/Pipeline.php(163): App\\Http\\Middleware\\Callbacks->handle(Object(Illuminate\\Http\\Request), Object(Closure))
#11 /home3/ritualss/public_html/pos/vendor/laravel/framework/src/Illuminate/Routing/Pipeline.php(53): Illuminate\\Pipeline\\Pipeline->Illuminate\\Pipeline\\{closure}(Object(Illuminate\\Http\\Request))
#12 /home3/ritualss/public_html/pos/app/Http/Middleware/Timezone.php(27): Illuminate\\Routing\\Pipeline->Illuminate\\Routing\\{closure}(Object(Illuminate\\Http\\Request))
#13 /home3/ritualss/public_html/pos/vendor/laravel/framework/src/Illuminate/Pipeline/Pipeline.php(163): App\\Http\\Middleware\\Timezone->handle(Object(Illuminate\\Http\\Request), Object(Closure))
#14 /home3/ritualss/public_html/pos/vendor/laravel/framework/src/Illuminate/Routing/Pipeline.php(53): Illuminate\\Pipeline\\Pipeline->Illuminate\\Pipeline\\{closure}(Object(Illuminate\\Http\\Request))
#15 /home3/ritualss/public_html/pos/app/Http/Middleware/Language.php(27): Illuminate\\Routing\\Pipeline->Illuminate\\Routing\\{closure}(Object(Illuminate\\Http\\Request))
#16 /home3/ritualss/public_html/pos/vendor/laravel/framework/src/Illuminate/Pipeline/Pipeline.php(163): App\\Http\\Middleware\\Language->handle(Object(Illuminate\\Http\\Request), Object(Closure))
#17 /home3/ritualss/public_html/pos/vendor/laravel/framework/src/Illuminate/Routing/Pipeline.php(53): Illuminate\\Pipeline\\Pipeline->Illuminate\\Pipeline\\{closure}(Object(Illuminate\\Http\\Request))
#18 /home3/ritualss/public_html/pos/app/Http/Middleware/SetSessionData.php(53): Illuminate\\Routing\\Pipeline->Illuminate\\Routing\\{closure}(Object(Illuminate\\Http\\Request))
#19 /home3/ritualss/public_html/pos/vendor/laravel/framework/src/Illuminate/Pipeline/Pipeline.php(163): App\\Http\\Middleware\\SetSessionData->handle(Object(Illuminate\\Http\\Request), Object(Closure))
#20 /home3/ritualss/public_html/pos/vendor/laravel/framework/src/Illuminate/Routing/Pipeline.php(53): Illuminate\\Pipeline\\Pipeline->Illuminate\\Pipeline\\{closure}(Object(Illuminate\\Http\\Request))
#21 /home3/ritualss/public_html/pos/app/Http/Middleware/IsInstalled.php(23): Illuminate\\Routing\\Pipeline->Illuminate\\Routing\\{closure}(Object(Illuminate\\Http\\Request))
#22 /home3/ritualss/public_html/pos/vendor/laravel/framework/src/Illuminate/Pipeline/Pipeline.php(163): App\\Http\\Middleware\\IsInstalled->handle(Object(Illuminate\\Http\\Request), Object(Closure))
#23 /home3/ritualss/public_html/pos/vendor/laravel/framework/src/Illuminate/Routing/Pipeline.php(53): Illuminate\\Pipeline\\Pipeline->Illuminate\\Pipeline\\{closure}(Object(Illuminate\\Http\\Request))
#24 /home3/ritualss/public_html/pos/vendor/laravel/framework/src/Illuminate/Routing/Middleware/SubstituteBindings.php(41): Illuminate\\Routing\\Pipeline->Illuminate\\Routing\\{closure}(Object(Illuminate\\Http\\Request))
#25 /home3/ritualss/public_html/pos/vendor/laravel/framework/src/Illuminate/Pipeline/Pipeline.php(163): Illuminate\\Routing\\Middleware\\SubstituteBindings->handle(Object(Illuminate\\Http\\Request), Object(Closure))
#26 /home3/ritualss/public_html/pos/vendor/laravel/framework/src/Illuminate/Routing/Pipeline.php(53): Illuminate\\Pipeline\\Pipeline->Illuminate\\Pipeline\\{closure}(Object(Illuminate\\Http\\Request))
#27 /home3/ritualss/public_html/pos/vendor/laravel/framework/src/Illuminate/Auth/Middleware/Authenticate.php(43): Illuminate\\Routing\\Pipeline->Illuminate\\Routing\\{closure}(Object(Illuminate\\Http\\Request))
#28 /home3/ritualss/public_html/pos/vendor/laravel/framework/src/Illuminate/Pipeline/Pipeline.php(163): Illuminate\\Auth\\Middleware\\Authenticate->handle(Object(Illuminate\\Http\\Request), Object(Closure))
#29 /home3/ritualss/public_html/pos/vendor/laravel/framework/src/Illuminate/Routing/Pipeline.php(53): Illuminate\\Pipeline\\Pipeline->Illuminate\\Pipeline\\{closure}(Object(Illuminate\\Http\\Request))
#30 /home3/ritualss/public_html/pos/vendor/laravel/framework/src/Illuminate/Foundation/Http/Middleware/VerifyCsrfToken.php(75): Illuminate\\Routing\\Pipeline->Illuminate\\Routing\\{closure}(Object(Illuminate\\Http\\Request))
#31 /home3/ritualss/public_html/pos/vendor/laravel/framework/src/Illuminate/Pipeline/Pipeline.php(163): Illuminate\\Foundation\\Http\\Middleware\\VerifyCsrfToken->handle(Object(Illuminate\\Http\\Request), Object(Closure))
#32 /home3/ritualss/public_html/pos/vendor/laravel/framework/src/Illuminate/Routing/Pipeline.php(53): Illuminate\\Pipeline\\Pipeline->Illuminate\\Pipeline\\{closure}(Object(Illuminate\\Http\\Request))
#33 /home3/ritualss/public_html/pos/vendor/laravel/framework/src/Illuminate/View/Middleware/ShareErrorsFromSession.php(49): Illuminate\\Routing\\Pipeline->Illuminate\\Routing\\{closure}(Object(Illuminate\\Http\\Request))
#34 /home3/ritualss/public_html/pos/vendor/laravel/framework/src/Illuminate/Pipeline/Pipeline.php(163): Illuminate\\View\\Middleware\\ShareErrorsFromSession->handle(Object(Illuminate\\Http\\Request), Object(Closure))
#35 /home3/ritualss/public_html/pos/vendor/laravel/framework/src/Illuminate/Routing/Pipeline.php(53): Illuminate\\Pipeline\\Pipeline->Illuminate\\Pipeline\\{closure}(Object(Illuminate\\Http\\Request))
#36 /home3/ritualss/public_html/pos/vendor/laravel/framework/src/Illuminate/Session/Middleware/StartSession.php(63): Illuminate\\Routing\\Pipeline->Illuminate\\Routing\\{closure}(Object(Illuminate\\Http\\Request))
#37 /home3/ritualss/public_html/pos/vendor/laravel/framework/src/Illuminate/Pipeline/Pipeline.php(163): Illuminate\\Session\\Middleware\\StartSession->handle(Object(Illuminate\\Http\\Request), Object(Closure))
#38 /home3/ritualss/public_html/pos/vendor/laravel/framework/src/Illuminate/Routing/Pipeline.php(53): Illuminate\\Pipeline\\Pipeline->Illuminate\\Pipeline\\{closure}(Object(Illuminate\\Http\\Request))
#39 /home3/ritualss/public_html/pos/vendor/laravel/framework/src/Illuminate/Cookie/Middleware/AddQueuedCookiesToResponse.php(37): Illuminate\\Routing\\Pipeline->Illuminate\\Routing\\{closure}(Object(Illuminate\\Http\\Request))
#40 /home3/ritualss/public_html/pos/vendor/laravel/framework/src/Illuminate/Pipeline/Pipeline.php(163): Illuminate\\Cookie\\Middleware\\AddQueuedCookiesToResponse->handle(Object(Illuminate\\Http\\Request), Object(Closure))
#41 /home3/ritualss/public_html/pos/vendor/laravel/framework/src/Illuminate/Routing/Pipeline.php(53): Illuminate\\Pipeline\\Pipeline->Illuminate\\Pipeline\\{closure}(Object(Illuminate\\Http\\Request))
#42 /home3/ritualss/public_html/pos/vendor/laravel/framework/src/Illuminate/Cookie/Middleware/EncryptCookies.php(66): Illuminate\\Routing\\Pipeline->Illuminate\\Routing\\{closure}(Object(Illuminate\\Http\\Request))
#43 /home3/ritualss/public_html/pos/vendor/laravel/framework/src/Illuminate/Pipeline/Pipeline.php(163): Illuminate\\Cookie\\Middleware\\EncryptCookies->handle(Object(Illuminate\\Http\\Request), Object(Closure))
#44 /home3/ritualss/public_html/pos/vendor/laravel/framework/src/Illuminate/Routing/Pipeline.php(53): Illuminate\\Pipeline\\Pipeline->Illuminate\\Pipeline\\{closure}(Object(Illuminate\\Http\\Request))
#45 /home3/ritualss/public_html/pos/vendor/laravel/framework/src/Illuminate/Pipeline/Pipeline.php(104): Illuminate\\Routing\\Pipeline->Illuminate\\Routing\\{closure}(Object(Illuminate\\Http\\Request))
#46 /home3/ritualss/public_html/pos/vendor/laravel/framework/src/Illuminate/Routing/Router.php(684): Illuminate\\Pipeline\\Pipeline->then(Object(Closure))
#47 /home3/ritualss/public_html/pos/vendor/laravel/framework/src/Illuminate/Routing/Router.php(659): Illuminate\\Routing\\Router->runRouteWithinStack(Object(Illuminate\\Routing\\Route), Object(Illuminate\\Http\\Request))
#48 /home3/ritualss/public_html/pos/vendor/laravel/framework/src/Illuminate/Routing/Router.php(625): Illuminate\\Routing\\Router->runRoute(Object(Illuminate\\Http\\Request), Object(Illuminate\\Routing\\Route))
#49 /home3/ritualss/public_html/pos/vendor/laravel/framework/src/Illuminate/Routing/Router.php(614): Illuminate\\Routing\\Router->dispatchToRoute(Object(Illuminate\\Http\\Request))
#50 /home3/ritualss/public_html/pos/vendor/laravel/framework/src/Illuminate/Foundation/Http/Kernel.php(176): Illuminate\\Routing\\Router->dispatch(Object(Illuminate\\Http\\Request))
#51 /home3/ritualss/public_html/pos/vendor/laravel/framework/src/Illuminate/Routing/Pipeline.php(30): Illuminate\\Foundation\\Http\\Kernel->Illuminate\\Foundation\\Http\\{closure}(Object(Illuminate\\Http\\Request))
#52 /home3/ritualss/public_html/pos/vendor/barryvdh/laravel-debugbar/src/Middleware/InjectDebugbar.php(58): Illuminate\\Routing\\Pipeline->Illuminate\\Routing\\{closure}(Object(Illuminate\\Http\\Request))
#53 /home3/ritualss/public_html/pos/vendor/laravel/framework/src/Illuminate/Pipeline/Pipeline.php(163): Barryvdh\\Debugbar\\Middleware\\InjectDebugbar->handle(Object(Illuminate\\Http\\Request), Object(Closure))
#54 /home3/ritualss/public_html/pos/vendor/laravel/framework/src/Illuminate/Routing/Pipeline.php(53): Illuminate\\Pipeline\\Pipeline->Illuminate\\Pipeline\\{closure}(Object(Illuminate\\Http\\Request))
#55 /home3/ritualss/public_html/pos/vendor/fideloper/proxy/src/TrustProxies.php(57): Illuminate\\Routing\\Pipeline->Illuminate\\Routing\\{closure}(Object(Illuminate\\Http\\Request))
#56 /home3/ritualss/public_html/pos/vendor/laravel/framework/src/Illuminate/Pipeline/Pipeline.php(163): Fideloper\\Proxy\\TrustProxies->handle(Object(Illuminate\\Http\\Request), Object(Closure))
#57 /home3/ritualss/public_html/pos/vendor/laravel/framework/src/Illuminate/Routing/Pipeline.php(53): Illuminate\\Pipeline\\Pipeline->Illuminate\\Pipeline\\{closure}(Object(Illuminate\\Http\\Request))
#58 /home3/ritualss/public_html/pos/vendor/laravel/framework/src/Illuminate/Foundation/Http/Middleware/TransformsRequest.php(31): Illuminate\\Routing\\Pipeline->Illuminate\\Routing\\{closure}(Object(Illuminate\\Http\\Request))
#59 /home3/ritualss/public_html/pos/vendor/laravel/framework/src/Illuminate/Pipeline/Pipeline.php(163): Illuminate\\Foundation\\Http\\Middleware\\TransformsRequest->handle(Object(Illuminate\\Http\\Request), Object(Closure))
#60 /home3/ritualss/public_html/pos/vendor/laravel/framework/src/Illuminate/Routing/Pipeline.php(53): Illuminate\\Pipeline\\Pipeline->Illuminate\\Pipeline\\{closure}(Object(Illuminate\\Http\\Request))
#61 /home3/ritualss/public_html/pos/vendor/laravel/framework/src/Illuminate/Foundation/Http/Middleware/TransformsRequest.php(31): Illuminate\\Routing\\Pipeline->Illuminate\\Routing\\{closure}(Object(Illuminate\\Http\\Request))
#62 /home3/ritualss/public_html/pos/vendor/laravel/framework/src/Illuminate/Pipeline/Pipeline.php(163): Illuminate\\Foundation\\Http\\Middleware\\TransformsRequest->handle(Object(Illuminate\\Http\\Request), Object(Closure))
#63 /home3/ritualss/public_html/pos/vendor/laravel/framework/src/Illuminate/Routing/Pipeline.php(53): Illuminate\\Pipeline\\Pipeline->Illuminate\\Pipeline\\{closure}(Object(Illuminate\\Http\\Request))
#64 /home3/ritualss/public_html/pos/vendor/laravel/framework/src/Illuminate/Foundation/Http/Middleware/ValidatePostSize.php(27): Illuminate\\Routing\\Pipeline->Illuminate\\Routing\\{closure}(Object(Illuminate\\Http\\Request))
#65 /home3/ritualss/public_html/pos/vendor/laravel/framework/src/Illuminate/Pipeline/Pipeline.php(163): Illuminate\\Foundation\\Http\\Middleware\\ValidatePostSize->handle(Object(Illuminate\\Http\\Request), Object(Closure))
#66 /home3/ritualss/public_html/pos/vendor/laravel/framework/src/Illuminate/Routing/Pipeline.php(53): Illuminate\\Pipeline\\Pipeline->Illuminate\\Pipeline\\{closure}(Object(Illuminate\\Http\\Request))
#67 /home3/ritualss/public_html/pos/vendor/laravel/framework/src/Illuminate/Foundation/Http/Middleware/CheckForMaintenanceMode.php(62): Illuminate\\Routing\\Pipeline->Illuminate\\Routing\\{closure}(Object(Illuminate\\Http\\Request))
#68 /home3/ritualss/public_html/pos/vendor/laravel/framework/src/Illuminate/Pipeline/Pipeline.php(163): Illuminate\\Foundation\\Http\\Middleware\\CheckForMaintenanceMode->handle(Object(Illuminate\\Http\\Request), Object(Closure))
#69 /home3/ritualss/public_html/pos/vendor/laravel/framework/src/Illuminate/Routing/Pipeline.php(53): Illuminate\\Pipeline\\Pipeline->Illuminate\\Pipeline\\{closure}(Object(Illuminate\\Http\\Request))
#70 /home3/ritualss/public_html/pos/vendor/laravel/framework/src/Illuminate/Pipeline/Pipeline.php(104): Illuminate\\Routing\\Pipeline->Illuminate\\Routing\\{closure}(Object(Illuminate\\Http\\Request))
#71 /home3/ritualss/public_html/pos/vendor/laravel/framework/src/Illuminate/Foundation/Http/Kernel.php(151): Illuminate\\Pipeline\\Pipeline->then(Object(Closure))
#72 /home3/ritualss/public_html/pos/vendor/laravel/framework/src/Illuminate/Foundation/Http/Kernel.php(116): Illuminate\\Foundation\\Http\\Kernel->sendRequestThroughRouter(Object(Illuminate\\Http\\Request))
#73 /home3/ritualss/public_html/pos/public/index.php(51): Illuminate\\Foundation\\Http\\Kernel->handle(Object(Illuminate\\Http\\Request))
#74 {main}
"} 
[2022-02-22 13:33:24] live.EMERGENCY: File:/home3/ritualss/public_html/pos/vendor/laravel/framework/src/Illuminate/Database/Connection.phpLine:664Message:SQLSTATE[23000]: Integrity constraint violation: 1062 Duplicate entry '94447587' for key 'mobile' (SQL: insert into `contacts` (`type`, `supplier_business_name`, `name`, `mobile`, `landline`, `city`, `state`, `country`, `landmark`, `customer_group_id`, `contact_id`, `custom_field1`, `business_id`, `created_by`, `credit_limit`, `custom_field4`, `updated_at`, `created_at`) values (customer, , Mariam, 94447587, , , , , , 1, CO6416, on, 1, 40, , Oyoun, 2022-02-22 13:33:24, 2022-02-22 13:33:24))  
[2022-02-22 13:48:07] live.EMERGENCY: File:/home3/ritualss/public_html/pos/vendor/laravel/framework/src/Illuminate/Database/Connection.phpLine:664Message:SQLSTATE[23000]: Integrity constraint violation: 1062 Duplicate entry '94402471' for key 'mobile' (SQL: insert into `contacts` (`type`, `supplier_business_name`, `name`, `mobile`, `landline`, `city`, `state`, `country`, `landmark`, `customer_group_id`, `contact_id`, `custom_field1`, `business_id`, `created_by`, `credit_limit`, `custom_field4`, `updated_at`, `created_at`) values (customer, , Fouziya, 94402471, , , , , , 1, CO6418, on, 1, 40, , Oyoun, 2022-02-22 13:48:07, 2022-02-22 13:48:07))  
[2022-02-22 14:55:35] live.EMERGENCY: File:/home3/ritualss/public_html/pos/vendor/laravel/framework/src/Illuminate/Database/Connection.phpLine:664Message:SQLSTATE[23000]: Integrity constraint violation: 1062 Duplicate entry '99929025' for key 'mobile' (SQL: insert into `contacts` (`type`, `supplier_business_name`, `name`, `mobile`, `landline`, `city`, `state`, `country`, `landmark`, `customer_group_id`, `contact_id`, `custom_field1`, `business_id`, `created_by`, `credit_limit`, `custom_field4`, `updated_at`, `created_at`) values (customer, , Mona, 99929025, , , , , , 1, CO6420, on, 1, 40, , Oyoun, 2022-02-22 14:55:35, 2022-02-22 14:55:35))  
[2022-02-22 14:57:35] live.EMERGENCY: File:/home3/ritualss/public_html/pos/vendor/laravel/framework/src/Illuminate/Database/Connection.phpLine:664Message:SQLSTATE[23000]: Integrity constraint violation: 1062 Duplicate entry '52223051' for key 'mobile' (SQL: insert into `contacts` (`type`, `supplier_business_name`, `name`, `mobile`, `landline`, `city`, `state`, `country`, `landmark`, `customer_group_id`, `contact_id`, `custom_field1`, `business_id`, `created_by`, `credit_limit`, `custom_field4`, `updated_at`, `created_at`) values (customer, , Hanan, 52223051, , , , , , 1, CO6421, on, 1, 40, , Oyoun, 2022-02-22 14:57:35, 2022-02-22 14:57:35))  
[2022-02-22 15:05:36] live.EMERGENCY: File:/home3/ritualss/public_html/pos/vendor/laravel/framework/src/Illuminate/Database/Connection.phpLine:664Message:SQLSTATE[23000]: Integrity constraint violation: 1062 Duplicate entry '60979767' for key 'mobile' (SQL: insert into `contacts` (`type`, `supplier_business_name`, `name`, `mobile`, `landline`, `city`, `state`, `country`, `landmark`, `customer_group_id`, `contact_id`, `custom_field1`, `business_id`, `created_by`, `credit_limit`, `custom_field4`, `updated_at`, `created_at`) values (customer, , Nourah, 60979767, , , , , , 1, CO6422, on, 1, 40, , Oyoun, 2022-02-22 15:05:36, 2022-02-22 15:05:36))  
[2022-02-22 15:52:03] live.EMERGENCY: File:/home3/ritualss/public_html/pos/vendor/laravel/framework/src/Illuminate/Database/Connection.phpLine:664Message:SQLSTATE[23000]: Integrity constraint violation: 1062 Duplicate entry '50645343' for key 'mobile' (SQL: insert into `contacts` (`type`, `supplier_business_name`, `name`, `mobile`, `landline`, `city`, `state`, `country`, `landmark`, `customer_group_id`, `contact_id`, `custom_field1`, `business_id`, `created_by`, `credit_limit`, `custom_field4`, `updated_at`, `created_at`) values (customer, , Noura, 50645343, , , , , , 1, CO6429, on, 1, 40, , Oyoun, 2022-02-22 15:52:03, 2022-02-22 15:52:03))  
[2022-02-22 15:54:29] live.EMERGENCY: File:/home3/ritualss/public_html/pos/vendor/laravel/framework/src/Illuminate/Database/Connection.phpLine:664Message:SQLSTATE[23000]: Integrity constraint violation: 1062 Duplicate entry '50999632' for key 'mobile' (SQL: insert into `contacts` (`type`, `supplier_business_name`, `name`, `mobile`, `landline`, `city`, `state`, `country`, `landmark`, `customer_group_id`, `contact_id`, `custom_field1`, `business_id`, `created_by`, `credit_limit`, `custom_field4`, `updated_at`, `created_at`) values (customer, , Dalal, 50999632, , , , , , 1, CO6430, on, 1, 40, , Oyoun, 2022-02-22 15:54:29, 2022-02-22 15:54:29))  
[2022-02-22 15:58:04] live.EMERGENCY: File:/home3/ritualss/public_html/pos/vendor/laravel/framework/src/Illuminate/Database/Connection.phpLine:664Message:SQLSTATE[23000]: Integrity constraint violation: 1062 Duplicate entry '96979649' for key 'mobile' (SQL: insert into `contacts` (`type`, `supplier_business_name`, `name`, `mobile`, `landline`, `city`, `state`, `country`, `landmark`, `customer_group_id`, `contact_id`, `custom_field1`, `business_id`, `created_by`, `credit_limit`, `custom_field4`, `updated_at`, `created_at`) values (customer, , Amira, 96979649, , , , , , 1, CO6431, on, 1, 40, , Oyoun, 2022-02-22 15:58:04, 2022-02-22 15:58:04))  
[2022-02-22 16:09:34] live.EMERGENCY: File:/home3/ritualss/public_html/pos/vendor/laravel/framework/src/Illuminate/Database/Connection.phpLine:664Message:SQLSTATE[23000]: Integrity constraint violation: 1062 Duplicate entry '96640477' for key 'mobile' (SQL: insert into `contacts` (`type`, `supplier_business_name`, `name`, `mobile`, `landline`, `city`, `state`, `country`, `landmark`, `customer_group_id`, `contact_id`, `custom_field1`, `business_id`, `created_by`, `credit_limit`, `custom_field4`, `updated_at`, `created_at`) values (customer, , Heba, 96640477, , , , , , 1, CO6432, on, 1, 40, , Oyoun, 2022-02-22 16:09:34, 2022-02-22 16:09:34))  
[2022-02-22 17:28:20] live.EMERGENCY: File:/home3/ritualss/public_html/pos/vendor/laravel/framework/src/Illuminate/Database/Connection.phpLine:664Message:SQLSTATE[23000]: Integrity constraint violation: 1062 Duplicate entry '99474310' for key 'mobile' (SQL: insert into `contacts` (`type`, `supplier_business_name`, `name`, `mobile`, `landline`, `city`, `state`, `country`, `landmark`, `customer_group_id`, `contact_id`, `custom_field1`, `business_id`, `created_by`, `credit_limit`, `custom_field4`, `updated_at`, `created_at`) values (customer, , Mona, 99474310, , , , , , 1, CO6439, on, 1, 40, , Oyoun, 2022-02-22 17:28:20, 2022-02-22 17:28:20))  
[2022-02-22 17:29:57] live.EMERGENCY: File:/home3/ritualss/public_html/pos/vendor/laravel/framework/src/Illuminate/Database/Connection.phpLine:664Message:SQLSTATE[23000]: Integrity constraint violation: 1062 Duplicate entry '99474310' for key 'mobile' (SQL: insert into `contacts` (`type`, `supplier_business_name`, `name`, `mobile`, `landline`, `city`, `state`, `country`, `landmark`, `customer_group_id`, `contact_id`, `custom_field1`, `business_id`, `created_by`, `credit_limit`, `custom_field4`, `updated_at`, `created_at`) values (customer, , Mona, 99474310, , , , , , 1, CO6440, on, 1, 40, , Oyoun, 2022-02-22 17:29:57, 2022-02-22 17:29:57))  
[2022-02-22 17:32:22] live.EMERGENCY: File:/home3/ritualss/public_html/pos/vendor/laravel/framework/src/Illuminate/Database/Connection.phpLine:664Message:SQLSTATE[23000]: Integrity constraint violation: 1062 Duplicate entry '65636116' for key 'mobile' (SQL: insert into `contacts` (`type`, `supplier_business_name`, `name`, `mobile`, `landline`, `city`, `state`, `country`, `landmark`, `customer_group_id`, `contact_id`, `custom_field1`, `business_id`, `created_by`, `credit_limit`, `custom_field4`, `updated_at`, `created_at`) values (customer, , May, 65636116, , , , , , 1, CO6441, on, 1, 40, , Oyoun, 2022-02-22 17:32:22, 2022-02-22 17:32:22))  
[2022-02-22 18:13:43] live.EMERGENCY: File:/home3/ritualss/public_html/pos/vendor/laravel/framework/src/Illuminate/Database/Connection.phpLine:664Message:SQLSTATE[23000]: Integrity constraint violation: 1062 Duplicate entry '94146446' for key 'mobile' (SQL: insert into `contacts` (`type`, `supplier_business_name`, `name`, `mobile`, `landline`, `city`, `state`, `country`, `landmark`, `customer_group_id`, `contact_id`, `custom_field1`, `business_id`, `created_by`, `credit_limit`, `custom_field4`, `updated_at`, `created_at`) values (customer, , Noura, 94146446, , , , , , 1, CO6443, on, 1, 40, , Oyoun, 2022-02-22 18:13:43, 2022-02-22 18:13:43))  
[2022-02-22 18:17:09] live.EMERGENCY: File:/home3/ritualss/public_html/pos/vendor/laravel/framework/src/Illuminate/Database/Connection.phpLine:664Message:SQLSTATE[23000]: Integrity constraint violation: 1062 Duplicate entry '60077711' for key 'mobile' (SQL: insert into `contacts` (`type`, `supplier_business_name`, `name`, `mobile`, `landline`, `city`, `state`, `country`, `landmark`, `customer_group_id`, `contact_id`, `custom_field1`, `business_id`, `created_by`, `credit_limit`, `custom_field4`, `updated_at`, `created_at`) values (customer, , Noura, 60077711, , , , , , 1, CO6444, on, 1, 40, , Oyoun, 2022-02-22 18:17:09, 2022-02-22 18:17:09))  
[2022-02-22 18:27:33] live.EMERGENCY: File:/home3/ritualss/public_html/pos/vendor/laravel/framework/src/Illuminate/Database/Connection.phpLine:664Message:SQLSTATE[23000]: Integrity constraint violation: 1062 Duplicate entry '60044466' for key 'mobile' (SQL: insert into `contacts` (`type`, `supplier_business_name`, `name`, `mobile`, `landline`, `city`, `state`, `country`, `landmark`, `customer_group_id`, `contact_id`, `custom_field1`, `business_id`, `created_by`, `credit_limit`, `custom_field4`, `updated_at`, `created_at`) values (customer, , Mariam, 60044466, , , , , , 1, CO6445, on, 1, 40, , Oyoun, 2022-02-22 18:27:33, 2022-02-22 18:27:33))  
[2022-02-22 18:33:31] live.EMERGENCY: File:/home3/ritualss/public_html/pos/vendor/laravel/framework/src/Illuminate/Database/Connection.phpLine:664Message:SQLSTATE[23000]: Integrity constraint violation: 1062 Duplicate entry '67046111' for key 'mobile' (SQL: insert into `contacts` (`type`, `supplier_business_name`, `name`, `mobile`, `landline`, `city`, `state`, `country`, `landmark`, `customer_group_id`, `contact_id`, `custom_field1`, `business_id`, `created_by`, `credit_limit`, `custom_field4`, `updated_at`, `created_at`) values (customer, , Noura, 67046111, , , , , , 1, CO6448, on, 1, 40, , Oyoun, 2022-02-22 18:33:31, 2022-02-22 18:33:31))  
[2022-02-22 18:39:54] live.EMERGENCY: File:/home3/ritualss/public_html/pos/vendor/laravel/framework/src/Illuminate/Database/Connection.phpLine:664Message:SQLSTATE[23000]: Integrity constraint violation: 1062 Duplicate entry '51005665' for key 'mobile' (SQL: insert into `contacts` (`type`, `supplier_business_name`, `name`, `mobile`, `landline`, `city`, `state`, `country`, `landmark`, `customer_group_id`, `contact_id`, `custom_field1`, `business_id`, `created_by`, `credit_limit`, `custom_field4`, `updated_at`, `created_at`) values (customer, , Ali, 51005665, , , , , , 1, CO6449, on, 1, 40, , Oyoun, 2022-02-22 18:39:54, 2022-02-22 18:39:54))  
[2022-02-22 18:54:41] live.EMERGENCY: File:/home3/ritualss/public_html/pos/vendor/laravel/framework/src/Illuminate/Database/Connection.phpLine:664Message:SQLSTATE[23000]: Integrity constraint violation: 1062 Duplicate entry '66988139' for key 'mobile' (SQL: insert into `contacts` (`type`, `supplier_business_name`, `name`, `mobile`, `landline`, `city`, `state`, `country`, `landmark`, `customer_group_id`, `contact_id`, `custom_field1`, `business_id`, `created_by`, `credit_limit`, `custom_field4`, `updated_at`, `created_at`) values (customer, , Maha, 66988139, , , , , , 1, CO6452, on, 1, 40, , Oyoun, 2022-02-22 18:54:41, 2022-02-22 18:54:41))  
[2022-02-22 19:08:47] live.EMERGENCY: File:/home3/ritualss/public_html/pos/vendor/laravel/framework/src/Illuminate/Database/Connection.phpLine:664Message:SQLSTATE[23000]: Integrity constraint violation: 1062 Duplicate entry '99590285' for key 'mobile' (SQL: insert into `contacts` (`type`, `supplier_business_name`, `name`, `mobile`, `landline`, `city`, `state`, `country`, `landmark`, `customer_group_id`, `contact_id`, `custom_field1`, `business_id`, `created_by`, `credit_limit`, `custom_field4`, `updated_at`, `created_at`) values (customer, , Hanouf, 99590285, , , , , , 1, CO6454, on, 1, 40, , Oyoun, 2022-02-22 19:08:47, 2022-02-22 19:08:47))  
[2022-02-22 19:29:53] live.EMERGENCY: File:/home3/ritualss/public_html/pos/vendor/laravel/framework/src/Illuminate/Database/Connection.phpLine:664Message:SQLSTATE[23000]: Integrity constraint violation: 1062 Duplicate entry '55514806' for key 'mobile' (SQL: insert into `contacts` (`type`, `supplier_business_name`, `name`, `mobile`, `landline`, `city`, `state`, `country`, `landmark`, `customer_group_id`, `contact_id`, `custom_field1`, `business_id`, `created_by`, `credit_limit`, `custom_field4`, `updated_at`, `created_at`) values (customer, , Raghad, 55514806, , , , , , 1, CO6457, on, 1, 40, , Oyoun, 2022-02-22 19:29:53, 2022-02-22 19:29:53))  
